mode: set
github.com/mantzas/patron/errors/aggregate.go:11.35,13.24 2 1
github.com/mantzas/patron/errors/aggregate.go:17.2,17.19 1 1
github.com/mantzas/patron/errors/aggregate.go:13.24,16.3 2 1
github.com/mantzas/patron/errors/aggregate.go:21.35,23.23 2 1
github.com/mantzas/patron/errors/aggregate.go:29.2,29.19 1 1
github.com/mantzas/patron/errors/aggregate.go:32.2,32.12 1 1
github.com/mantzas/patron/errors/aggregate.go:23.23,24.15 1 1
github.com/mantzas/patron/errors/aggregate.go:27.3,27.23 1 1
github.com/mantzas/patron/errors/aggregate.go:24.15,25.12 1 1
github.com/mantzas/patron/errors/aggregate.go:29.19,31.3 1 1
github.com/mantzas/patron/errors/errors.go:8.28,10.2 1 1
github.com/mantzas/patron/errors/errors.go:13.55,15.2 1 1
github.com/mantzas/patron/errors/errors.go:18.40,20.2 1 1
github.com/mantzas/patron/errors/errors.go:23.65,25.2 1 1
github.com/mantzas/patron/log/log.go:54.61,55.14 1 1
github.com/mantzas/patron/log/log.go:59.2,59.16 1 1
github.com/mantzas/patron/log/log.go:63.2,64.12 2 1
github.com/mantzas/patron/log/log.go:55.14,57.3 1 1
github.com/mantzas/patron/log/log.go:59.16,61.3 1 1
github.com/mantzas/patron/log/log.go:68.46,69.47 1 1
github.com/mantzas/patron/log/log.go:72.2,72.21 1 1
github.com/mantzas/patron/log/log.go:69.47,71.3 1 1
github.com/mantzas/patron/log/log.go:76.65,78.2 1 1
github.com/mantzas/patron/log/log.go:81.44,83.2 1 1
github.com/mantzas/patron/log/log.go:86.33,88.2 1 1
github.com/mantzas/patron/log/log.go:91.46,93.2 1 1
github.com/mantzas/patron/log/log.go:96.33,98.2 1 1
github.com/mantzas/patron/log/log.go:101.46,103.2 1 1
github.com/mantzas/patron/log/log.go:106.33,108.2 1 1
github.com/mantzas/patron/log/log.go:111.46,113.2 1 1
github.com/mantzas/patron/log/log.go:116.32,118.2 1 1
github.com/mantzas/patron/log/log.go:121.45,123.2 1 1
github.com/mantzas/patron/log/log.go:126.32,128.2 1 1
github.com/mantzas/patron/log/log.go:131.45,133.2 1 1
github.com/mantzas/patron/log/log.go:136.33,138.2 1 1
github.com/mantzas/patron/log/log.go:141.46,143.2 1 1
github.com/mantzas/patron/log/log.go:148.57,150.2 1 0
github.com/mantzas/patron/log/log.go:152.50,153.2 0 0
github.com/mantzas/patron/log/log.go:155.63,156.2 0 0
github.com/mantzas/patron/log/log.go:158.50,159.2 0 0
github.com/mantzas/patron/log/log.go:161.63,162.2 0 0
github.com/mantzas/patron/log/log.go:164.50,165.2 0 0
github.com/mantzas/patron/log/log.go:167.63,168.2 0 0
github.com/mantzas/patron/log/log.go:170.49,171.2 0 0
github.com/mantzas/patron/log/log.go:173.62,174.2 0 0
github.com/mantzas/patron/log/log.go:176.49,177.2 0 0
github.com/mantzas/patron/log/log.go:179.62,180.2 0 0
github.com/mantzas/patron/log/log.go:182.50,183.2 0 0
github.com/mantzas/patron/log/log.go:185.63,186.2 0 0
github.com/mantzas/patron/encoding/json/json.go:16.50,18.2 1 1
github.com/mantzas/patron/encoding/json/json.go:21.50,23.2 1 1
github.com/mantzas/patron/encoding/json/json.go:26.44,28.2 1 1
github.com/mantzas/patron/info/info.go:33.32,37.2 3 1
github.com/mantzas/patron/info/info.go:40.27,44.2 3 1
github.com/mantzas/patron/info/info.go:47.30,51.2 3 1
github.com/mantzas/patron/info/info.go:54.27,58.2 3 1
github.com/mantzas/patron/info/info.go:61.37,65.2 3 1
github.com/mantzas/patron/info/info.go:68.35,71.16 3 1
github.com/mantzas/patron/info/info.go:75.2,76.16 2 1
github.com/mantzas/patron/info/info.go:80.2,81.12 2 1
github.com/mantzas/patron/info/info.go:71.16,74.3 2 1
github.com/mantzas/patron/info/info.go:76.16,79.3 2 1
github.com/mantzas/patron/info/info.go:85.44,89.2 3 1
github.com/mantzas/patron/info/info.go:92.48,96.2 3 1
github.com/mantzas/patron/encoding/protobuf/protobuf.go:18.50,20.16 2 1
github.com/mantzas/patron/encoding/protobuf/protobuf.go:23.2,23.24 1 1
github.com/mantzas/patron/encoding/protobuf/protobuf.go:20.16,22.3 1 1
github.com/mantzas/patron/encoding/protobuf/protobuf.go:27.50,29.2 1 1
github.com/mantzas/patron/encoding/protobuf/protobuf.go:32.44,34.2 1 1
github.com/mantzas/patron/encoding/protobuf/test.pb.go:33.32,33.47 1 1
github.com/mantzas/patron/encoding/protobuf/test.pb.go:34.32,34.69 1 1
github.com/mantzas/patron/encoding/protobuf/test.pb.go:35.33,35.34 0 0
github.com/mantzas/patron/encoding/protobuf/test.pb.go:36.43,38.2 1 1
github.com/mantzas/patron/encoding/protobuf/test.pb.go:40.46,42.2 1 1
github.com/mantzas/patron/encoding/protobuf/test.pb.go:43.74,45.2 1 1
github.com/mantzas/patron/encoding/protobuf/test.pb.go:46.45,48.2 1 1
github.com/mantzas/patron/encoding/protobuf/test.pb.go:49.31,51.2 1 1
github.com/mantzas/patron/encoding/protobuf/test.pb.go:52.37,54.2 1 1
github.com/mantzas/patron/encoding/protobuf/test.pb.go:58.34,59.32 1 1
github.com/mantzas/patron/encoding/protobuf/test.pb.go:62.2,62.11 1 1
github.com/mantzas/patron/encoding/protobuf/test.pb.go:59.32,61.3 1 1
github.com/mantzas/patron/encoding/protobuf/test.pb.go:65.32,66.31 1 1
github.com/mantzas/patron/encoding/protobuf/test.pb.go:69.2,69.10 1 1
github.com/mantzas/patron/encoding/protobuf/test.pb.go:66.31,68.3 1 1
github.com/mantzas/patron/encoding/protobuf/test.pb.go:72.34,73.14 1 1
github.com/mantzas/patron/encoding/protobuf/test.pb.go:76.2,76.12 1 0
github.com/mantzas/patron/encoding/protobuf/test.pb.go:73.14,75.3 1 1
github.com/mantzas/patron/encoding/protobuf/test.pb.go:79.13,81.2 1 1
github.com/mantzas/patron/encoding/protobuf/test.pb.go:83.13,83.82 1 1
github.com/mantzas/patron/log/zerolog/factory.go:16.44,21.51 5 1
github.com/mantzas/patron/log/zerolog/factory.go:21.51,23.3 1 0
github.com/mantzas/patron/log/zerolog/factory.go:30.77,32.9 2 0
github.com/mantzas/patron/log/zerolog/factory.go:35.2,35.13 1 0
github.com/mantzas/patron/log/zerolog/factory.go:32.9,34.3 1 0
github.com/mantzas/patron/log/zerolog/factory.go:38.63,40.9 2 1
github.com/mantzas/patron/log/zerolog/factory.go:43.2,46.21 4 1
github.com/mantzas/patron/log/zerolog/factory.go:40.9,42.3 1 0
github.com/mantzas/patron/log/zerolog/factory.go:49.52,50.16 1 1
github.com/mantzas/patron/log/zerolog/factory.go:53.2,55.25 3 1
github.com/mantzas/patron/log/zerolog/factory.go:60.2,60.12 1 1
github.com/mantzas/patron/log/zerolog/factory.go:50.16,52.3 1 1
github.com/mantzas/patron/log/zerolog/factory.go:55.25,57.3 1 1
github.com/mantzas/patron/log/zerolog/factory.go:57.8,59.3 1 1
github.com/mantzas/patron/log/zerolog/logger.go:26.87,27.17 1 1
github.com/mantzas/patron/log/zerolog/logger.go:30.2,31.29 2 1
github.com/mantzas/patron/log/zerolog/logger.go:27.17,29.3 1 1
github.com/mantzas/patron/log/zerolog/logger.go:35.60,36.15 1 1
github.com/mantzas/patron/log/zerolog/logger.go:39.2,40.29 2 1
github.com/mantzas/patron/log/zerolog/logger.go:36.15,38.3 1 1
github.com/mantzas/patron/log/zerolog/logger.go:44.45,46.2 1 1
github.com/mantzas/patron/log/zerolog/logger.go:49.58,51.2 1 1
github.com/mantzas/patron/log/zerolog/logger.go:54.45,56.2 1 0
github.com/mantzas/patron/log/zerolog/logger.go:59.58,61.2 1 0
github.com/mantzas/patron/log/zerolog/logger.go:64.45,66.2 1 1
github.com/mantzas/patron/log/zerolog/logger.go:69.58,71.2 1 1
github.com/mantzas/patron/log/zerolog/logger.go:74.44,76.2 1 1
github.com/mantzas/patron/log/zerolog/logger.go:79.57,81.2 1 1
github.com/mantzas/patron/log/zerolog/logger.go:84.44,86.2 1 1
github.com/mantzas/patron/log/zerolog/logger.go:89.57,91.2 1 1
github.com/mantzas/patron/log/zerolog/logger.go:94.45,96.2 1 1
github.com/mantzas/patron/log/zerolog/logger.go:99.58,101.2 1 1
github.com/mantzas/patron/async/option.go:22.40,23.12 1 1
github.com/mantzas/patron/async/option.go:24.24,25.28 1 1
github.com/mantzas/patron/async/option.go:26.20,27.24 1 1
github.com/mantzas/patron/async/option.go:28.19,29.23 1 1
github.com/mantzas/patron/async/option.go:30.10,31.15 1 1
github.com/mantzas/patron/async/option.go:39.50,40.34 1 1
github.com/mantzas/patron/async/option.go:40.34,41.48 1 1
github.com/mantzas/patron/async/option.go:44.3,46.13 3 1
github.com/mantzas/patron/async/option.go:41.48,43.4 1 1
github.com/mantzas/patron/async/option.go:51.69,52.34 1 1
github.com/mantzas/patron/async/option.go:52.34,53.18 1 1
github.com/mantzas/patron/async/option.go:57.3,57.20 1 1
github.com/mantzas/patron/async/option.go:61.3,64.13 4 1
github.com/mantzas/patron/async/option.go:53.18,55.4 1 1
github.com/mantzas/patron/async/option.go:57.20,59.4 1 1
github.com/mantzas/patron/async/async.go:36.75,37.21 1 1
github.com/mantzas/patron/async/async.go:43.2,43.76 1 1
github.com/mantzas/patron/async/async.go:38.35,39.29 1 1
github.com/mantzas/patron/async/async.go:40.42,41.33 1 1
github.com/mantzas/patron/async/component.go:28.98,30.16 1 1
github.com/mantzas/patron/async/component.go:34.2,34.14 1 1
github.com/mantzas/patron/async/component.go:38.2,38.15 1 1
github.com/mantzas/patron/async/component.go:42.2,52.23 2 1
github.com/mantzas/patron/async/component.go:59.2,61.16 3 1
github.com/mantzas/patron/async/component.go:65.2,65.15 1 1
github.com/mantzas/patron/async/component.go:30.16,32.3 1 1
github.com/mantzas/patron/async/component.go:34.14,36.3 1 1
github.com/mantzas/patron/async/component.go:38.15,40.3 1 1
github.com/mantzas/patron/async/component.go:52.23,54.17 2 1
github.com/mantzas/patron/async/component.go:54.17,56.4 1 1
github.com/mantzas/patron/async/component.go:61.16,63.3 1 0
github.com/mantzas/patron/async/component.go:69.51,71.2 1 1
github.com/mantzas/patron/async/component.go:74.52,78.34 2 1
github.com/mantzas/patron/async/component.go:93.2,93.12 1 1
github.com/mantzas/patron/async/component.go:78.34,80.17 2 1
github.com/mantzas/patron/async/component.go:83.3,83.36 1 1
github.com/mantzas/patron/async/component.go:86.3,87.20 2 1
github.com/mantzas/patron/async/component.go:80.17,82.4 1 1
github.com/mantzas/patron/async/component.go:83.36,84.9 1 0
github.com/mantzas/patron/async/component.go:87.20,90.4 2 1
github.com/mantzas/patron/async/component.go:96.59,99.16 2 1
github.com/mantzas/patron/async/component.go:102.2,106.16 4 1
github.com/mantzas/patron/async/component.go:110.2,112.12 2 1
github.com/mantzas/patron/async/component.go:127.2,127.17 1 1
github.com/mantzas/patron/async/component.go:99.16,101.3 1 1
github.com/mantzas/patron/async/component.go:106.16,108.3 1 1
github.com/mantzas/patron/async/component.go:112.12,113.7 1 1
github.com/mantzas/patron/async/component.go:113.7,114.11 1 1
github.com/mantzas/patron/async/component.go:115.22,117.26 2 1
github.com/mantzas/patron/async/component.go:118.24,120.37 2 1
github.com/mantzas/patron/async/component.go:121.27,123.11 2 1
github.com/mantzas/patron/async/component.go:130.64,132.16 2 1
github.com/mantzas/patron/async/component.go:139.2,139.34 1 1
github.com/mantzas/patron/async/component.go:132.16,134.17 2 1
github.com/mantzas/patron/async/component.go:137.3,137.9 1 1
github.com/mantzas/patron/async/component.go:134.17,136.4 1 1
github.com/mantzas/patron/async/component.go:139.34,141.3 1 0
github.com/mantzas/patron/async/component.go:144.74,146.24 2 1
github.com/mantzas/patron/async/component.go:162.2,162.12 1 1
github.com/mantzas/patron/async/component.go:147.24,148.82 1 1
github.com/mantzas/patron/async/component.go:149.20,151.17 2 1
github.com/mantzas/patron/async/component.go:154.19,156.17 2 1
github.com/mantzas/patron/async/component.go:159.10,160.48 1 1
github.com/mantzas/patron/async/component.go:151.17,153.4 1 0
github.com/mantzas/patron/async/component.go:156.17,158.4 1 0
github.com/mantzas/patron/async/component.go:165.33,170.2 4 1
github.com/mantzas/patron/async/component.go:172.27,180.16 3 1
github.com/mantzas/patron/async/component.go:183.2,183.12 1 1
github.com/mantzas/patron/async/component.go:180.16,182.3 1 0
github.com/mantzas/patron/async/component.go:186.41,188.2 1 1
github.com/mantzas/patron/reliability/retry/retry.go:18.60,19.17 1 1
github.com/mantzas/patron/reliability/retry/retry.go:22.2,22.52 1 1
github.com/mantzas/patron/reliability/retry/retry.go:19.17,21.3 1 1
github.com/mantzas/patron/reliability/retry/retry.go:26.57,31.6 4 1
github.com/mantzas/patron/reliability/retry/retry.go:41.2,41.17 1 1
github.com/mantzas/patron/reliability/retry/retry.go:31.6,33.17 2 1
github.com/mantzas/patron/reliability/retry/retry.go:36.3,37.19 2 1
github.com/mantzas/patron/reliability/retry/retry.go:33.17,35.4 1 1
github.com/mantzas/patron/reliability/retry/retry.go:37.19,38.9 1 1
github.com/mantzas/patron/async/amqp/amqp.go:23.54,25.4 1 0
github.com/mantzas/patron/async/amqp/amqp.go:37.45,39.2 1 1
github.com/mantzas/patron/async/amqp/amqp.go:41.47,43.2 1 1
github.com/mantzas/patron/async/amqp/amqp.go:45.31,49.2 3 1
github.com/mantzas/patron/async/amqp/amqp.go:51.32,55.2 3 1
github.com/mantzas/patron/async/amqp/amqp.go:66.75,68.15 1 1
github.com/mantzas/patron/async/amqp/amqp.go:72.2,72.17 1 1
github.com/mantzas/patron/async/amqp/amqp.go:76.2,76.20 1 1
github.com/mantzas/patron/async/amqp/amqp.go:80.2,80.74 1 1
github.com/mantzas/patron/async/amqp/amqp.go:68.15,70.3 1 1
github.com/mantzas/patron/async/amqp/amqp.go:72.17,74.3 1 1
github.com/mantzas/patron/async/amqp/amqp.go:76.20,78.3 1 1
github.com/mantzas/patron/async/amqp/amqp.go:84.52,97.25 2 1
github.com/mantzas/patron/async/amqp/amqp.go:104.2,105.15 2 1
github.com/mantzas/patron/async/amqp/amqp.go:97.25,99.17 2 1
github.com/mantzas/patron/async/amqp/amqp.go:99.17,101.4 1 1
github.com/mantzas/patron/async/amqp/amqp.go:123.50,125.2 1 1
github.com/mantzas/patron/async/amqp/amqp.go:128.93,130.16 2 0
github.com/mantzas/patron/async/amqp/amqp.go:134.2,137.12 3 0
github.com/mantzas/patron/async/amqp/amqp.go:171.2,171.26 1 0
github.com/mantzas/patron/async/amqp/amqp.go:130.16,132.3 1 0
github.com/mantzas/patron/async/amqp/amqp.go:137.12,138.7 1 0
github.com/mantzas/patron/async/amqp/amqp.go:138.7,139.11 1 0
github.com/mantzas/patron/async/amqp/amqp.go:140.22,142.11 2 0
github.com/mantzas/patron/async/amqp/amqp.go:143.27,153.19 4 0
github.com/mantzas/patron/async/amqp/amqp.go:159.5,166.6 2 0
github.com/mantzas/patron/async/amqp/amqp.go:153.19,158.6 4 0
github.com/mantzas/patron/async/amqp/amqp.go:175.34,179.17 3 0
github.com/mantzas/patron/async/amqp/amqp.go:182.2,182.19 1 0
github.com/mantzas/patron/async/amqp/amqp.go:185.2,185.43 1 0
github.com/mantzas/patron/async/amqp/amqp.go:179.17,181.3 1 0
github.com/mantzas/patron/async/amqp/amqp.go:182.19,184.3 1 0
github.com/mantzas/patron/async/amqp/amqp.go:188.60,190.16 2 0
github.com/mantzas/patron/async/amqp/amqp.go:193.2,196.16 3 0
github.com/mantzas/patron/async/amqp/amqp.go:199.2,205.16 5 0
github.com/mantzas/patron/async/amqp/amqp.go:209.2,210.16 2 0
github.com/mantzas/patron/async/amqp/amqp.go:214.2,215.16 2 0
github.com/mantzas/patron/async/amqp/amqp.go:219.2,220.16 2 0
github.com/mantzas/patron/async/amqp/amqp.go:224.2,224.24 1 0
github.com/mantzas/patron/async/amqp/amqp.go:190.16,192.3 1 0
github.com/mantzas/patron/async/amqp/amqp.go:196.16,198.3 1 0
github.com/mantzas/patron/async/amqp/amqp.go:205.16,207.3 1 0
github.com/mantzas/patron/async/amqp/amqp.go:210.16,212.3 1 0
github.com/mantzas/patron/async/amqp/amqp.go:215.16,217.3 1 0
github.com/mantzas/patron/async/amqp/amqp.go:220.16,222.3 1 0
github.com/mantzas/patron/async/amqp/amqp.go:227.33,236.20 8 1
github.com/mantzas/patron/async/amqp/amqp.go:241.2,241.23 1 1
github.com/mantzas/patron/async/amqp/amqp.go:236.20,240.3 3 0
github.com/mantzas/patron/async/amqp/amqp.go:244.49,246.23 2 1
github.com/mantzas/patron/async/amqp/amqp.go:249.2,249.11 1 1
github.com/mantzas/patron/async/amqp/amqp.go:246.23,248.3 1 1
github.com/mantzas/patron/async/amqp/option.go:15.33,16.33 1 1
github.com/mantzas/patron/async/amqp/option.go:16.33,17.14 1 1
github.com/mantzas/patron/async/amqp/option.go:20.3,21.13 2 1
github.com/mantzas/patron/async/amqp/option.go:17.14,19.4 1 1
github.com/mantzas/patron/async/amqp/option.go:26.48,27.33 1 1
github.com/mantzas/patron/async/amqp/option.go:27.33,29.55 1 1
github.com/mantzas/patron/async/amqp/option.go:33.3,33.13 1 1
github.com/mantzas/patron/async/amqp/option.go:29.55,31.5 1 0
github.com/mantzas/patron/async/amqp/option.go:38.39,39.33 1 1
github.com/mantzas/patron/async/amqp/option.go:39.33,42.3 2 1
github.com/mantzas/patron/metric/metric.go:13.23,15.2 1 1
github.com/mantzas/patron/metric/metric.go:18.91,29.49 2 1
github.com/mantzas/patron/metric/metric.go:34.2,34.17 1 1
github.com/mantzas/patron/metric/metric.go:29.49,30.60 1 1
github.com/mantzas/patron/metric/metric.go:30.60,32.4 1 0
github.com/mantzas/patron/metric/metric.go:38.87,49.49 2 1
github.com/mantzas/patron/metric/metric.go:54.2,54.17 1 1
github.com/mantzas/patron/metric/metric.go:49.49,50.60 1 1
github.com/mantzas/patron/metric/metric.go:50.60,52.4 1 0
github.com/mantzas/patron/metric/metric.go:58.95,69.49 2 1
github.com/mantzas/patron/metric/metric.go:74.2,74.17 1 1
github.com/mantzas/patron/metric/metric.go:69.49,70.60 1 1
github.com/mantzas/patron/metric/metric.go:70.60,72.4 1 0
github.com/mantzas/patron/metric/metric.go:78.91,89.49 2 1
github.com/mantzas/patron/metric/metric.go:94.2,94.17 1 1
github.com/mantzas/patron/metric/metric.go:89.49,90.60 1 1
github.com/mantzas/patron/metric/metric.go:90.60,92.4 1 0
github.com/mantzas/patron/async/kafka/option.go:14.41,15.33 1 1
github.com/mantzas/patron/async/kafka/option.go:15.33,16.20 1 1
github.com/mantzas/patron/async/kafka/option.go:20.3,21.17 2 1
github.com/mantzas/patron/async/kafka/option.go:25.3,26.13 2 1
github.com/mantzas/patron/async/kafka/option.go:16.20,18.4 1 1
github.com/mantzas/patron/async/kafka/option.go:21.17,23.4 1 1
github.com/mantzas/patron/async/kafka/option.go:31.33,32.33 1 1
github.com/mantzas/patron/async/kafka/option.go:32.33,33.14 1 1
github.com/mantzas/patron/async/kafka/option.go:36.3,37.13 2 1
github.com/mantzas/patron/async/kafka/option.go:33.14,35.4 1 1
github.com/mantzas/patron/async/kafka/option.go:42.37,43.33 1 1
github.com/mantzas/patron/async/kafka/option.go:43.33,46.3 2 1
github.com/mantzas/patron/async/kafka/option.go:50.48,51.33 1 1
github.com/mantzas/patron/async/kafka/option.go:51.33,54.3 2 1
github.com/mantzas/patron/async/kafka/kafka.go:32.45,34.2 1 1
github.com/mantzas/patron/async/kafka/kafka.go:36.47,38.2 1 1
github.com/mantzas/patron/async/kafka/kafka.go:40.31,43.2 2 1
github.com/mantzas/patron/async/kafka/kafka.go:45.32,48.2 2 1
github.com/mantzas/patron/async/kafka/kafka.go:60.33,61.11 1 1
github.com/mantzas/patron/async/kafka/kafka.go:62.20,63.24 1 1
github.com/mantzas/patron/async/kafka/kafka.go:64.20,65.24 1 1
github.com/mantzas/patron/async/kafka/kafka.go:66.10,67.41 1 1
github.com/mantzas/patron/async/kafka/kafka.go:81.88,83.16 1 1
github.com/mantzas/patron/async/kafka/kafka.go:87.2,87.23 1 1
github.com/mantzas/patron/async/kafka/kafka.go:91.2,91.17 1 1
github.com/mantzas/patron/async/kafka/kafka.go:95.2,95.82 1 1
github.com/mantzas/patron/async/kafka/kafka.go:83.16,85.3 1 1
github.com/mantzas/patron/async/kafka/kafka.go:87.23,89.3 1 1
github.com/mantzas/patron/async/kafka/kafka.go:91.17,93.3 1 1
github.com/mantzas/patron/async/kafka/kafka.go:99.52,102.16 2 1
github.com/mantzas/patron/async/kafka/kafka.go:106.2,121.25 6 1
github.com/mantzas/patron/async/kafka/kafka.go:128.2,129.16 2 1
github.com/mantzas/patron/async/kafka/kafka.go:132.2,133.15 2 1
github.com/mantzas/patron/async/kafka/kafka.go:102.16,104.3 1 0
github.com/mantzas/patron/async/kafka/kafka.go:121.25,123.17 2 1
github.com/mantzas/patron/async/kafka/kafka.go:123.17,125.4 1 1
github.com/mantzas/patron/async/kafka/kafka.go:129.16,131.3 1 0
github.com/mantzas/patron/async/kafka/kafka.go:149.50,151.2 1 1
github.com/mantzas/patron/async/kafka/kafka.go:154.93,159.16 4 0
github.com/mantzas/patron/async/kafka/kafka.go:162.2,166.25 4 0
github.com/mantzas/patron/async/kafka/kafka.go:221.2,221.26 1 0
github.com/mantzas/patron/async/kafka/kafka.go:159.16,161.3 1 0
github.com/mantzas/patron/async/kafka/kafka.go:166.25,167.46 1 0
github.com/mantzas/patron/async/kafka/kafka.go:167.46,168.8 1 0
github.com/mantzas/patron/async/kafka/kafka.go:168.8,169.12 1 0
github.com/mantzas/patron/async/kafka/kafka.go:170.23,173.12 3 0
github.com/mantzas/patron/async/kafka/kafka.go:174.47,177.12 3 0
github.com/mantzas/patron/async/kafka/kafka.go:178.37,181.43 3 0
github.com/mantzas/patron/async/kafka/kafka.go:181.43,189.30 3 0
github.com/mantzas/patron/async/kafka/kafka.go:200.7,201.21 2 0
github.com/mantzas/patron/async/kafka/kafka.go:207.7,214.8 2 0
github.com/mantzas/patron/async/kafka/kafka.go:189.30,191.8 1 0
github.com/mantzas/patron/async/kafka/kafka.go:191.13,193.22 2 0
github.com/mantzas/patron/async/kafka/kafka.go:193.22,197.9 3 0
github.com/mantzas/patron/async/kafka/kafka.go:201.21,205.8 3 0
github.com/mantzas/patron/async/kafka/kafka.go:225.34,226.18 1 0
github.com/mantzas/patron/async/kafka/kafka.go:230.2,230.17 1 0
github.com/mantzas/patron/async/kafka/kafka.go:234.2,234.62 1 0
github.com/mantzas/patron/async/kafka/kafka.go:226.18,228.3 1 0
github.com/mantzas/patron/async/kafka/kafka.go:230.17,232.3 1 0
github.com/mantzas/patron/async/kafka/kafka.go:237.68,240.16 2 0
github.com/mantzas/patron/async/kafka/kafka.go:243.2,246.16 3 0
github.com/mantzas/patron/async/kafka/kafka.go:250.2,252.39 2 0
github.com/mantzas/patron/async/kafka/kafka.go:261.2,261.17 1 0
github.com/mantzas/patron/async/kafka/kafka.go:240.16,242.3 1 0
github.com/mantzas/patron/async/kafka/kafka.go:246.16,248.3 1 0
github.com/mantzas/patron/async/kafka/kafka.go:252.39,255.17 2 0
github.com/mantzas/patron/async/kafka/kafka.go:258.3,258.14 1 0
github.com/mantzas/patron/async/kafka/kafka.go:255.17,257.4 1 0
github.com/mantzas/patron/async/kafka/kafka.go:264.33,271.2 6 1
github.com/mantzas/patron/async/kafka/kafka.go:273.35,274.16 1 0
github.com/mantzas/patron/async/kafka/kafka.go:277.2,278.16 2 0
github.com/mantzas/patron/async/kafka/kafka.go:274.16,276.3 1 0
github.com/mantzas/patron/async/kafka/kafka.go:278.16,280.3 1 0
github.com/mantzas/patron/async/kafka/kafka.go:283.71,284.24 1 1
github.com/mantzas/patron/async/kafka/kafka.go:289.2,289.57 1 1
github.com/mantzas/patron/async/kafka/kafka.go:284.24,285.50 1 1
github.com/mantzas/patron/async/kafka/kafka.go:285.50,287.4 1 1
github.com/mantzas/patron/async/kafka/kafka.go:292.61,294.23 2 1
github.com/mantzas/patron/async/kafka/kafka.go:297.2,297.11 1 1
github.com/mantzas/patron/async/kafka/kafka.go:294.23,296.3 1 1
github.com/mantzas/patron/async/kafka/kafka.go:300.27,309.16 3 1
github.com/mantzas/patron/async/kafka/kafka.go:312.2,312.12 1 1
github.com/mantzas/patron/async/kafka/kafka.go:309.16,311.3 1 0
github.com/mantzas/patron/async/kafka/kafka.go:315.90,317.2 1 0
github.com/mantzas/patron/reliability/circuitbreaker/breaker.go:20.36,22.2 1 1
github.com/mantzas/patron/reliability/circuitbreaker/breaker.go:38.13,47.16 3 1
github.com/mantzas/patron/reliability/circuitbreaker/breaker.go:47.16,49.3 1 0
github.com/mantzas/patron/reliability/circuitbreaker/breaker.go:52.48,54.2 1 1
github.com/mantzas/patron/reliability/circuitbreaker/breaker.go:84.59,86.16 1 1
github.com/mantzas/patron/reliability/circuitbreaker/breaker.go:90.2,90.60 1 1
github.com/mantzas/patron/reliability/circuitbreaker/breaker.go:94.2,102.8 1 1
github.com/mantzas/patron/reliability/circuitbreaker/breaker.go:86.16,88.3 1 1
github.com/mantzas/patron/reliability/circuitbreaker/breaker.go:90.60,92.3 1 1
github.com/mantzas/patron/reliability/circuitbreaker/breaker.go:105.45,108.64 3 1
github.com/mantzas/patron/reliability/circuitbreaker/breaker.go:111.2,111.14 1 1
github.com/mantzas/patron/reliability/circuitbreaker/breaker.go:108.64,110.3 1 1
github.com/mantzas/patron/reliability/circuitbreaker/breaker.go:114.41,117.63 3 1
github.com/mantzas/patron/reliability/circuitbreaker/breaker.go:120.2,120.14 1 1
github.com/mantzas/patron/reliability/circuitbreaker/breaker.go:117.63,119.3 1 1
github.com/mantzas/patron/reliability/circuitbreaker/breaker.go:123.42,127.2 3 1
github.com/mantzas/patron/reliability/circuitbreaker/breaker.go:130.68,131.17 1 1
github.com/mantzas/patron/reliability/circuitbreaker/breaker.go:135.2,136.16 2 1
github.com/mantzas/patron/reliability/circuitbreaker/breaker.go:140.2,142.18 2 1
github.com/mantzas/patron/reliability/circuitbreaker/breaker.go:131.17,133.3 1 1
github.com/mantzas/patron/reliability/circuitbreaker/breaker.go:136.16,139.3 2 1
github.com/mantzas/patron/reliability/circuitbreaker/breaker.go:145.40,147.17 1 1
github.com/mantzas/patron/reliability/circuitbreaker/breaker.go:150.2,155.66 4 1
github.com/mantzas/patron/reliability/circuitbreaker/breaker.go:160.2,162.55 2 1
github.com/mantzas/patron/reliability/circuitbreaker/breaker.go:166.2,166.23 1 1
github.com/mantzas/patron/reliability/circuitbreaker/breaker.go:147.17,149.3 1 0
github.com/mantzas/patron/reliability/circuitbreaker/breaker.go:155.66,158.3 2 1
github.com/mantzas/patron/reliability/circuitbreaker/breaker.go:162.55,164.3 1 1
github.com/mantzas/patron/reliability/circuitbreaker/breaker.go:169.40,171.22 1 1
github.com/mantzas/patron/reliability/circuitbreaker/breaker.go:174.2,180.47 5 1
github.com/mantzas/patron/reliability/circuitbreaker/breaker.go:183.2,183.24 1 1
github.com/mantzas/patron/reliability/circuitbreaker/breaker.go:171.22,173.3 1 1
github.com/mantzas/patron/reliability/circuitbreaker/breaker.go:180.47,182.3 1 1
github.com/mantzas/patron/reliability/circuitbreaker/breaker.go:186.46,193.2 6 1
github.com/mantzas/patron/reliability/circuitbreaker/breaker.go:195.47,202.2 6 1
github.com/mantzas/patron/sync/errors.go:8.42,10.2 1 1
github.com/mantzas/patron/sync/errors.go:13.54,15.2 1 1
github.com/mantzas/patron/sync/errors.go:22.44,24.2 1 1
github.com/mantzas/patron/sync/errors.go:27.58,29.2 1 1
github.com/mantzas/patron/sync/errors.go:36.41,38.2 1 1
github.com/mantzas/patron/sync/errors.go:41.52,43.2 1 1
github.com/mantzas/patron/sync/errors.go:50.40,52.2 1 1
github.com/mantzas/patron/sync/errors.go:55.50,57.2 1 1
github.com/mantzas/patron/sync/errors.go:64.50,66.2 1 1
github.com/mantzas/patron/sync/errors.go:69.70,71.2 1 1
github.com/mantzas/patron/sync/sync.go:18.83,20.2 1 1
github.com/mantzas/patron/sync/sync.go:23.47,25.2 1 1
github.com/mantzas/patron/sync/sync.go:33.43,35.2 1 1
github.com/mantzas/patron/async/confluent/kafka.go:31.45,33.2 1 0
github.com/mantzas/patron/async/confluent/kafka.go:35.47,37.2 1 0
github.com/mantzas/patron/async/confluent/kafka.go:39.31,42.2 2 0
github.com/mantzas/patron/async/confluent/kafka.go:44.32,47.2 2 0
github.com/mantzas/patron/async/confluent/kafka.go:79.98,81.16 1 1
github.com/mantzas/patron/async/confluent/kafka.go:85.2,85.23 1 1
github.com/mantzas/patron/async/confluent/kafka.go:89.2,89.22 1 1
github.com/mantzas/patron/async/confluent/kafka.go:93.2,93.84 1 1
github.com/mantzas/patron/async/confluent/kafka.go:81.16,83.3 1 1
github.com/mantzas/patron/async/confluent/kafka.go:85.23,87.3 1 1
github.com/mantzas/patron/async/confluent/kafka.go:89.22,91.3 1 1
github.com/mantzas/patron/async/confluent/kafka.go:97.52,100.16 2 1
github.com/mantzas/patron/async/confluent/kafka.go:104.2,123.25 3 1
github.com/mantzas/patron/async/confluent/kafka.go:130.2,131.16 2 1
github.com/mantzas/patron/async/confluent/kafka.go:134.2,135.15 2 1
github.com/mantzas/patron/async/confluent/kafka.go:100.16,102.3 1 0
github.com/mantzas/patron/async/confluent/kafka.go:123.25,125.17 2 1
github.com/mantzas/patron/async/confluent/kafka.go:125.17,127.4 1 1
github.com/mantzas/patron/async/confluent/kafka.go:131.16,133.3 1 0
github.com/mantzas/patron/async/confluent/kafka.go:151.50,153.2 1 1
github.com/mantzas/patron/async/confluent/kafka.go:156.93,161.16 4 0
github.com/mantzas/patron/async/confluent/kafka.go:164.2,167.16 3 0
github.com/mantzas/patron/async/confluent/kafka.go:171.2,175.12 4 0
github.com/mantzas/patron/async/confluent/kafka.go:244.2,244.26 1 0
github.com/mantzas/patron/async/confluent/kafka.go:161.16,163.3 1 0
github.com/mantzas/patron/async/confluent/kafka.go:167.16,169.3 1 0
github.com/mantzas/patron/async/confluent/kafka.go:175.12,176.7 1 0
github.com/mantzas/patron/async/confluent/kafka.go:176.7,177.11 1 0
github.com/mantzas/patron/async/confluent/kafka.go:178.22,181.11 3 0
github.com/mantzas/patron/async/confluent/kafka.go:182.30,183.27 1 0
github.com/mantzas/patron/async/confluent/kafka.go:184.35,187.20 3 0
github.com/mantzas/patron/async/confluent/kafka.go:190.6,190.12 1 0
github.com/mantzas/patron/async/confluent/kafka.go:191.34,194.20 3 0
github.com/mantzas/patron/async/confluent/kafka.go:197.6,197.12 1 0
github.com/mantzas/patron/async/confluent/kafka.go:198.22,200.57 1 0
github.com/mantzas/patron/async/confluent/kafka.go:201.25,204.34 3 0
github.com/mantzas/patron/async/confluent/kafka.go:187.20,189.7 1 0
github.com/mantzas/patron/async/confluent/kafka.go:194.20,196.7 1 0
github.com/mantzas/patron/async/confluent/kafka.go:204.34,212.30 3 0
github.com/mantzas/patron/async/confluent/kafka.go:223.7,224.21 2 0
github.com/mantzas/patron/async/confluent/kafka.go:230.7,237.8 2 0
github.com/mantzas/patron/async/confluent/kafka.go:212.30,214.8 1 0
github.com/mantzas/patron/async/confluent/kafka.go:214.13,216.22 2 0
github.com/mantzas/patron/async/confluent/kafka.go:216.22,220.9 3 0
github.com/mantzas/patron/async/confluent/kafka.go:224.21,228.8 3 0
github.com/mantzas/patron/async/confluent/kafka.go:248.34,249.18 1 0
github.com/mantzas/patron/async/confluent/kafka.go:253.2,253.18 1 0
github.com/mantzas/patron/async/confluent/kafka.go:257.2,257.63 1 0
github.com/mantzas/patron/async/confluent/kafka.go:249.18,251.3 1 0
github.com/mantzas/patron/async/confluent/kafka.go:253.18,255.3 1 0
github.com/mantzas/patron/async/confluent/kafka.go:260.33,266.27 6 1
github.com/mantzas/patron/async/confluent/kafka.go:266.27,268.3 1 1
github.com/mantzas/patron/async/confluent/kafka.go:271.78,273.16 2 0
github.com/mantzas/patron/async/confluent/kafka.go:276.2,276.135 1 0
github.com/mantzas/patron/async/confluent/kafka.go:273.16,275.3 1 0
github.com/mantzas/patron/async/confluent/kafka.go:279.41,280.16 1 0
github.com/mantzas/patron/async/confluent/kafka.go:283.2,284.16 2 0
github.com/mantzas/patron/async/confluent/kafka.go:280.16,282.3 1 0
github.com/mantzas/patron/async/confluent/kafka.go:284.16,286.3 1 0
github.com/mantzas/patron/async/confluent/kafka.go:289.63,290.24 1 0
github.com/mantzas/patron/async/confluent/kafka.go:295.2,295.57 1 0
github.com/mantzas/patron/async/confluent/kafka.go:290.24,291.42 1 0
github.com/mantzas/patron/async/confluent/kafka.go:291.42,293.4 1 0
github.com/mantzas/patron/async/confluent/kafka.go:298.53,300.23 2 0
github.com/mantzas/patron/async/confluent/kafka.go:303.2,303.11 1 0
github.com/mantzas/patron/async/confluent/kafka.go:300.23,302.3 1 0
github.com/mantzas/patron/async/confluent/kafka.go:306.27,315.16 3 1
github.com/mantzas/patron/async/confluent/kafka.go:318.2,318.12 1 1
github.com/mantzas/patron/async/confluent/kafka.go:315.16,317.3 1 0
github.com/mantzas/patron/async/confluent/option.go:12.52,13.33 1 1
github.com/mantzas/patron/async/confluent/option.go:13.33,14.17 1 1
github.com/mantzas/patron/async/confluent/option.go:18.3,18.20 1 1
github.com/mantzas/patron/async/confluent/option.go:22.3,24.25 2 1
github.com/mantzas/patron/async/confluent/option.go:30.3,30.13 1 1
github.com/mantzas/patron/async/confluent/option.go:14.17,16.4 1 1
github.com/mantzas/patron/async/confluent/option.go:18.20,20.4 1 1
github.com/mantzas/patron/async/confluent/option.go:24.25,26.18 2 1
github.com/mantzas/patron/async/confluent/option.go:26.18,28.5 1 0
github.com/mantzas/patron/sync/http/auth/apikey/apikey.go:21.49,22.16 1 1
github.com/mantzas/patron/sync/http/auth/apikey/apikey.go:25.2,25.38 1 1
github.com/mantzas/patron/sync/http/auth/apikey/apikey.go:22.16,24.3 1 1
github.com/mantzas/patron/sync/http/auth/apikey/apikey.go:29.71,31.21 2 1
github.com/mantzas/patron/sync/http/auth/apikey/apikey.go:35.2,36.20 2 1
github.com/mantzas/patron/sync/http/auth/apikey/apikey.go:40.2,40.42 1 1
github.com/mantzas/patron/sync/http/auth/apikey/apikey.go:44.2,44.32 1 1
github.com/mantzas/patron/sync/http/auth/apikey/apikey.go:31.21,33.3 1 1
github.com/mantzas/patron/sync/http/auth/apikey/apikey.go:36.20,38.3 1 1
github.com/mantzas/patron/sync/http/auth/apikey/apikey.go:40.42,42.3 1 1
github.com/mantzas/patron/trace/amqp/user.pb.go:32.32,32.47 1 0
github.com/mantzas/patron/trace/amqp/user.pb.go:33.32,33.69 1 0
github.com/mantzas/patron/trace/amqp/user.pb.go:34.33,34.34 0 0
github.com/mantzas/patron/trace/amqp/user.pb.go:35.43,37.2 1 0
github.com/mantzas/patron/trace/amqp/user.pb.go:39.46,41.2 1 0
github.com/mantzas/patron/trace/amqp/user.pb.go:42.74,44.2 1 1
github.com/mantzas/patron/trace/amqp/user.pb.go:45.45,47.2 1 0
github.com/mantzas/patron/trace/amqp/user.pb.go:48.31,50.2 1 1
github.com/mantzas/patron/trace/amqp/user.pb.go:51.37,53.2 1 0
github.com/mantzas/patron/trace/amqp/user.pb.go:57.38,58.36 1 0
github.com/mantzas/patron/trace/amqp/user.pb.go:61.2,61.11 1 0
github.com/mantzas/patron/trace/amqp/user.pb.go:58.36,60.3 1 0
github.com/mantzas/patron/trace/amqp/user.pb.go:64.37,65.35 1 0
github.com/mantzas/patron/trace/amqp/user.pb.go:68.2,68.11 1 0
github.com/mantzas/patron/trace/amqp/user.pb.go:65.35,67.3 1 0
github.com/mantzas/patron/trace/amqp/user.pb.go:71.13,73.2 1 1
github.com/mantzas/patron/trace/amqp/user.pb.go:75.13,75.82 1 1
github.com/mantzas/patron/trace/amqp/amqp.go:24.50,26.2 1 1
github.com/mantzas/patron/trace/amqp/amqp.go:29.54,31.16 2 1
github.com/mantzas/patron/trace/amqp/amqp.go:34.2,34.58 1 1
github.com/mantzas/patron/trace/amqp/amqp.go:31.16,33.3 1 1
github.com/mantzas/patron/trace/amqp/amqp.go:38.58,40.16 2 1
github.com/mantzas/patron/trace/amqp/amqp.go:43.2,43.62 1 1
github.com/mantzas/patron/trace/amqp/amqp.go:40.16,42.3 1 1
github.com/mantzas/patron/trace/amqp/amqp.go:54.54,56.4 1 0
github.com/mantzas/patron/trace/amqp/amqp.go:72.80,74.15 1 1
github.com/mantzas/patron/trace/amqp/amqp.go:78.2,78.15 1 1
github.com/mantzas/patron/trace/amqp/amqp.go:82.2,88.23 2 1
github.com/mantzas/patron/trace/amqp/amqp.go:95.2,96.16 2 0
github.com/mantzas/patron/trace/amqp/amqp.go:99.2,102.16 3 0
github.com/mantzas/patron/trace/amqp/amqp.go:105.2,108.16 3 0
github.com/mantzas/patron/trace/amqp/amqp.go:112.2,112.16 1 0
github.com/mantzas/patron/trace/amqp/amqp.go:74.15,76.3 1 1
github.com/mantzas/patron/trace/amqp/amqp.go:78.15,80.3 1 1
github.com/mantzas/patron/trace/amqp/amqp.go:88.23,90.17 2 1
github.com/mantzas/patron/trace/amqp/amqp.go:90.17,92.4 1 1
github.com/mantzas/patron/trace/amqp/amqp.go:96.16,98.3 1 0
github.com/mantzas/patron/trace/amqp/amqp.go:102.16,104.3 1 0
github.com/mantzas/patron/trace/amqp/amqp.go:108.16,110.3 1 0
github.com/mantzas/patron/trace/amqp/amqp.go:116.77,133.16 5 0
github.com/mantzas/patron/trace/amqp/amqp.go:137.2,138.16 2 0
github.com/mantzas/patron/trace/amqp/amqp.go:142.2,143.12 2 0
github.com/mantzas/patron/trace/amqp/amqp.go:133.16,135.3 1 0
github.com/mantzas/patron/trace/amqp/amqp.go:138.16,141.3 2 0
github.com/mantzas/patron/trace/amqp/amqp.go:147.59,149.2 1 0
github.com/mantzas/patron/trace/amqp/amqp.go:154.50,156.2 1 0
github.com/mantzas/patron/trace/amqp/option.go:15.48,16.41 1 1
github.com/mantzas/patron/trace/amqp/option.go:16.41,17.19 1 1
github.com/mantzas/patron/trace/amqp/option.go:20.3,21.55 1 1
github.com/mantzas/patron/trace/amqp/option.go:25.3,25.13 1 1
github.com/mantzas/patron/trace/amqp/option.go:17.19,19.4 1 1
github.com/mantzas/patron/trace/amqp/option.go:21.55,23.5 1 0
github.com/mantzas/patron/trace/http/http.go:27.51,36.23 2 1
github.com/mantzas/patron/trace/http/http.go:43.2,43.16 1 1
github.com/mantzas/patron/trace/http/http.go:36.23,38.17 2 1
github.com/mantzas/patron/trace/http/http.go:38.17,40.4 1 1
github.com/mantzas/patron/trace/http/http.go:47.92,58.16 5 1
github.com/mantzas/patron/trace/http/http.go:64.2,66.17 3 1
github.com/mantzas/patron/trace/http/http.go:58.16,60.3 1 1
github.com/mantzas/patron/trace/http/http.go:60.8,62.3 1 1
github.com/mantzas/patron/trace/http/http.go:69.71,70.18 1 1
github.com/mantzas/patron/trace/http/http.go:74.2,74.54 1 1
github.com/mantzas/patron/trace/http/http.go:77.2,77.16 1 1
github.com/mantzas/patron/trace/http/http.go:81.2,81.32 1 1
github.com/mantzas/patron/trace/http/http.go:70.18,72.3 1 1
github.com/mantzas/patron/trace/http/http.go:74.54,76.3 1 1
github.com/mantzas/patron/trace/http/http.go:77.16,79.3 1 1
github.com/mantzas/patron/trace/http/option.go:14.48,15.38 1 1
github.com/mantzas/patron/trace/http/option.go:15.38,16.19 1 1
github.com/mantzas/patron/trace/http/option.go:19.3,20.13 2 1
github.com/mantzas/patron/trace/http/option.go:16.19,18.4 1 1
github.com/mantzas/patron/trace/http/option.go:25.73,26.38 1 1
github.com/mantzas/patron/trace/http/option.go:26.38,28.17 2 1
github.com/mantzas/patron/trace/http/option.go:31.3,32.13 2 1
github.com/mantzas/patron/trace/http/option.go:28.17,30.4 1 1
github.com/mantzas/patron/trace/trace.go:40.61,41.15 1 1
github.com/mantzas/patron/trace/trace.go:44.2,62.16 5 1
github.com/mantzas/patron/trace/trace.go:65.2,68.12 4 1
github.com/mantzas/patron/trace/trace.go:41.15,43.3 1 1
github.com/mantzas/patron/trace/trace.go:62.16,64.3 1 0
github.com/mantzas/patron/trace/trace.go:72.20,75.2 2 1
github.com/mantzas/patron/trace/trace.go:78.79,80.61 2 1
github.com/mantzas/patron/trace/trace.go:83.2,88.72 6 1
github.com/mantzas/patron/trace/trace.go:80.61,82.3 1 0
github.com/mantzas/patron/trace/trace.go:92.52,95.2 2 1
github.com/mantzas/patron/trace/trace.go:103.39,105.61 2 1
github.com/mantzas/patron/trace/trace.go:108.2,111.25 4 1
github.com/mantzas/patron/trace/trace.go:114.2,114.49 1 1
github.com/mantzas/patron/trace/trace.go:105.61,107.3 1 0
github.com/mantzas/patron/trace/trace.go:111.25,113.3 1 1
github.com/mantzas/patron/trace/trace.go:118.39,121.2 2 1
github.com/mantzas/patron/trace/trace.go:124.37,127.2 2 1
github.com/mantzas/patron/trace/trace.go:134.39,137.25 3 1
github.com/mantzas/patron/trace/trace.go:140.2,141.16 2 1
github.com/mantzas/patron/trace/trace.go:137.25,139.3 1 1
github.com/mantzas/patron/trace/trace.go:149.39,156.25 7 1
github.com/mantzas/patron/trace/trace.go:159.2,160.16 2 1
github.com/mantzas/patron/trace/trace.go:156.25,158.3 1 1
github.com/mantzas/patron/trace/trace.go:164.50,166.2 1 1
github.com/mantzas/patron/trace/trace.go:171.48,173.2 1 0
github.com/mantzas/patron/trace/trace.go:175.69,177.2 1 0
github.com/mantzas/patron/trace/trace.go:183.64,184.18 1 1
github.com/mantzas/patron/trace/trace.go:187.2,187.31 1 1
github.com/mantzas/patron/trace/trace.go:184.18,186.3 1 1
github.com/mantzas/patron/trace/trace.go:191.49,193.2 1 1
github.com/mantzas/patron/trace/confluent/kafka.go:29.53,31.2 1 1
github.com/mantzas/patron/trace/confluent/kafka.go:34.68,36.16 2 1
github.com/mantzas/patron/trace/confluent/kafka.go:39.2,39.45 1 1
github.com/mantzas/patron/trace/confluent/kafka.go:36.16,38.3 1 1
github.com/mantzas/patron/trace/confluent/kafka.go:58.78,60.2 1 1
github.com/mantzas/patron/trace/confluent/kafka.go:63.83,65.16 2 1
github.com/mantzas/patron/trace/confluent/kafka.go:68.2,70.15 3 1
github.com/mantzas/patron/trace/confluent/kafka.go:65.16,67.3 1 1
github.com/mantzas/patron/trace/confluent/kafka.go:73.99,75.23 1 1
github.com/mantzas/patron/trace/confluent/kafka.go:79.2,85.23 3 1
github.com/mantzas/patron/trace/confluent/kafka.go:92.2,93.16 2 1
github.com/mantzas/patron/trace/confluent/kafka.go:96.2,97.17 2 1
github.com/mantzas/patron/trace/confluent/kafka.go:75.23,77.3 1 1
github.com/mantzas/patron/trace/confluent/kafka.go:85.23,87.17 2 1
github.com/mantzas/patron/trace/confluent/kafka.go:87.17,89.4 1 1
github.com/mantzas/patron/trace/confluent/kafka.go:93.16,95.3 1 0
github.com/mantzas/patron/trace/confluent/kafka.go:101.72,112.16 4 0
github.com/mantzas/patron/trace/confluent/kafka.go:118.2,118.21 1 0
github.com/mantzas/patron/trace/confluent/kafka.go:124.2,124.16 1 0
github.com/mantzas/patron/trace/confluent/kafka.go:128.2,129.12 2 0
github.com/mantzas/patron/trace/confluent/kafka.go:112.16,115.3 2 0
github.com/mantzas/patron/trace/confluent/kafka.go:118.21,120.3 1 0
github.com/mantzas/patron/trace/confluent/kafka.go:120.8,122.3 1 0
github.com/mantzas/patron/trace/confluent/kafka.go:124.16,127.3 2 0
github.com/mantzas/patron/trace/confluent/kafka.go:132.61,136.16 4 0
github.com/mantzas/patron/trace/confluent/kafka.go:140.2,143.35 3 0
github.com/mantzas/patron/trace/confluent/kafka.go:146.2,146.12 1 0
github.com/mantzas/patron/trace/confluent/kafka.go:136.16,138.3 1 0
github.com/mantzas/patron/trace/confluent/kafka.go:143.35,145.3 1 0
github.com/mantzas/patron/trace/confluent/kafka.go:149.62,152.2 2 0
github.com/mantzas/patron/trace/confluent/kafka.go:154.87,157.16 3 0
github.com/mantzas/patron/trace/confluent/kafka.go:160.2,164.8 1 0
github.com/mantzas/patron/trace/confluent/kafka.go:157.16,159.3 1 0
github.com/mantzas/patron/trace/confluent/kafka.go:167.47,168.12 1 1
github.com/mantzas/patron/trace/confluent/kafka.go:168.12,169.35 1 1
github.com/mantzas/patron/trace/confluent/kafka.go:169.35,170.26 1 0
github.com/mantzas/patron/trace/confluent/kafka.go:171.24,173.38 2 0
github.com/mantzas/patron/trace/confluent/kafka.go:176.5,176.39 1 0
github.com/mantzas/patron/trace/confluent/kafka.go:173.38,175.6 1 0
github.com/mantzas/patron/trace/confluent/kafka.go:183.47,185.2 1 1
github.com/mantzas/patron/trace/confluent/kafka.go:188.34,189.20 1 0
github.com/mantzas/patron/trace/confluent/kafka.go:192.2,193.21 2 0
github.com/mantzas/patron/trace/confluent/kafka.go:189.20,191.3 1 0
github.com/mantzas/patron/trace/confluent/kafka.go:193.21,195.3 1 0
github.com/mantzas/patron/trace/confluent/kafka.go:201.52,203.2 1 0
github.com/mantzas/patron/trace/confluent/option.go:13.52,14.39 1 1
github.com/mantzas/patron/trace/confluent/option.go:14.39,15.17 1 1
github.com/mantzas/patron/trace/confluent/option.go:19.3,19.20 1 1
github.com/mantzas/patron/trace/confluent/option.go:23.3,25.25 2 1
github.com/mantzas/patron/trace/confluent/option.go:31.3,31.13 1 1
github.com/mantzas/patron/trace/confluent/option.go:15.17,17.4 1 1
github.com/mantzas/patron/trace/confluent/option.go:19.20,21.4 1 1
github.com/mantzas/patron/trace/confluent/option.go:25.25,27.18 2 1
github.com/mantzas/patron/trace/confluent/option.go:27.18,29.5 1 0
github.com/mantzas/patron/trace/kafka/kafka.go:21.46,23.2 1 1
github.com/mantzas/patron/trace/kafka/kafka.go:26.64,28.16 2 1
github.com/mantzas/patron/trace/kafka/kafka.go:31.2,31.41 1 1
github.com/mantzas/patron/trace/kafka/kafka.go:28.16,30.3 1 1
github.com/mantzas/patron/trace/kafka/kafka.go:50.83,57.23 4 1
github.com/mantzas/patron/trace/kafka/kafka.go:64.2,65.16 2 1
github.com/mantzas/patron/trace/kafka/kafka.go:68.2,70.17 3 1
github.com/mantzas/patron/trace/kafka/kafka.go:57.23,59.17 2 1
github.com/mantzas/patron/trace/kafka/kafka.go:59.17,61.4 1 1
github.com/mantzas/patron/trace/kafka/kafka.go:65.16,67.3 1 1
github.com/mantzas/patron/trace/kafka/kafka.go:74.72,84.16 3 1
github.com/mantzas/patron/trace/kafka/kafka.go:88.2,90.12 3 1
github.com/mantzas/patron/trace/kafka/kafka.go:84.16,87.3 2 0
github.com/mantzas/patron/trace/kafka/kafka.go:94.47,96.2 1 1
github.com/mantzas/patron/trace/kafka/kafka.go:99.40,101.2 1 1
github.com/mantzas/patron/trace/kafka/kafka.go:103.43,104.35 1 1
github.com/mantzas/patron/trace/kafka/kafka.go:104.35,106.3 1 1
github.com/mantzas/patron/trace/kafka/kafka.go:109.96,112.16 3 1
github.com/mantzas/patron/trace/kafka/kafka.go:115.2,120.8 1 1
github.com/mantzas/patron/trace/kafka/kafka.go:112.16,114.3 1 0
github.com/mantzas/patron/trace/kafka/kafka.go:126.52,128.2 1 1
github.com/mantzas/patron/trace/kafka/option.go:15.41,16.39 1 1
github.com/mantzas/patron/trace/kafka/option.go:16.39,17.20 1 1
github.com/mantzas/patron/trace/kafka/option.go:20.3,21.17 2 1
github.com/mantzas/patron/trace/kafka/option.go:24.3,26.13 3 1
github.com/mantzas/patron/trace/kafka/option.go:17.20,19.4 1 1
github.com/mantzas/patron/trace/kafka/option.go:21.17,23.4 1 1
github.com/mantzas/patron/trace/kafka/option.go:31.46,32.39 1 1
github.com/mantzas/patron/trace/kafka/option.go:32.39,33.16 1 1
github.com/mantzas/patron/trace/kafka/option.go:36.3,38.13 3 1
github.com/mantzas/patron/trace/kafka/option.go:33.16,35.4 1 1
github.com/mantzas/patron/option.go:14.41,15.32 1 1
github.com/mantzas/patron/option.go:15.32,16.19 1 1
github.com/mantzas/patron/option.go:19.3,21.13 3 1
github.com/mantzas/patron/option.go:16.19,18.4 1 1
github.com/mantzas/patron/option.go:26.55,27.32 1 1
github.com/mantzas/patron/option.go:27.32,28.17 1 1
github.com/mantzas/patron/option.go:31.3,33.13 3 1
github.com/mantzas/patron/option.go:28.17,30.4 1 1
github.com/mantzas/patron/option.go:38.45,39.32 1 1
github.com/mantzas/patron/option.go:39.32,40.35 1 1
github.com/mantzas/patron/option.go:43.3,45.13 3 1
github.com/mantzas/patron/option.go:40.35,42.4 1 1
github.com/mantzas/patron/option.go:50.35,51.32 1 1
github.com/mantzas/patron/option.go:51.32,53.17 2 1
github.com/mantzas/patron/option.go:56.3,57.13 2 1
github.com/mantzas/patron/option.go:53.17,55.4 1 1
github.com/mantzas/patron/service.go:39.68,41.16 1 1
github.com/mantzas/patron/service.go:45.2,45.19 1 1
github.com/mantzas/patron/service.go:48.2,54.16 5 1
github.com/mantzas/patron/service.go:58.2,60.16 3 1
github.com/mantzas/patron/service.go:64.2,64.23 1 1
github.com/mantzas/patron/service.go:71.2,72.16 2 1
github.com/mantzas/patron/service.go:76.2,79.16 4 1
github.com/mantzas/patron/service.go:41.16,43.3 1 1
github.com/mantzas/patron/service.go:45.19,47.3 1 1
github.com/mantzas/patron/service.go:54.16,56.3 1 0
github.com/mantzas/patron/service.go:60.16,62.3 1 0
github.com/mantzas/patron/service.go:64.23,66.17 2 1
github.com/mantzas/patron/service.go:66.17,68.4 1 1
github.com/mantzas/patron/service.go:72.16,74.3 1 0
github.com/mantzas/patron/service.go:82.37,84.2 1 1
github.com/mantzas/patron/service.go:86.31,87.26 1 1
github.com/mantzas/patron/service.go:87.26,89.3 1 1
github.com/mantzas/patron/service.go:95.31,96.15 1 1
github.com/mantzas/patron/service.go:102.2,106.27 5 1
github.com/mantzas/patron/service.go:113.2,114.9 2 1
github.com/mantzas/patron/service.go:123.2,128.25 4 1
github.com/mantzas/patron/service.go:131.2,131.32 1 1
github.com/mantzas/patron/service.go:96.15,98.17 2 1
github.com/mantzas/patron/service.go:98.17,100.4 1 0
github.com/mantzas/patron/service.go:106.27,107.24 1 1
github.com/mantzas/patron/service.go:107.24,110.4 2 1
github.com/mantzas/patron/service.go:115.26,116.48 1 0
github.com/mantzas/patron/service.go:117.22,118.17 1 1
github.com/mantzas/patron/service.go:118.17,121.4 2 1
github.com/mantzas/patron/service.go:128.25,130.3 1 1
github.com/mantzas/patron/service.go:135.47,137.9 2 1
github.com/mantzas/patron/service.go:141.2,143.16 3 1
github.com/mantzas/patron/service.go:146.2,153.25 3 1
github.com/mantzas/patron/service.go:157.2,157.12 1 1
github.com/mantzas/patron/service.go:137.9,139.3 1 1
github.com/mantzas/patron/service.go:143.16,145.3 1 0
github.com/mantzas/patron/service.go:153.25,155.3 1 1
github.com/mantzas/patron/service.go:160.67,164.9 3 1
github.com/mantzas/patron/service.go:167.2,169.9 3 1
github.com/mantzas/patron/service.go:172.2,176.64 4 1
github.com/mantzas/patron/service.go:183.2,185.54 3 1
github.com/mantzas/patron/service.go:164.9,166.3 1 1
github.com/mantzas/patron/service.go:169.9,171.3 1 1
github.com/mantzas/patron/service.go:176.64,178.17 2 0
github.com/mantzas/patron/service.go:178.17,180.4 1 0
github.com/mantzas/patron/service.go:188.60,192.8 4 1
github.com/mantzas/patron/service.go:198.2,205.18 4 1
github.com/mantzas/patron/service.go:209.2,209.21 1 1
github.com/mantzas/patron/service.go:213.2,214.16 2 1
github.com/mantzas/patron/service.go:218.2,218.16 1 1
github.com/mantzas/patron/service.go:192.8,194.17 2 0
github.com/mantzas/patron/service.go:194.17,196.4 1 0
github.com/mantzas/patron/service.go:205.18,207.3 1 1
github.com/mantzas/patron/service.go:209.21,211.3 1 1
github.com/mantzas/patron/service.go:214.16,216.3 1 0
github.com/mantzas/patron/sync/http/middleware.go:18.63,20.2 1 1
github.com/mantzas/patron/sync/http/middleware.go:23.39,25.2 1 1
github.com/mantzas/patron/sync/http/middleware.go:28.47,30.2 1 1
github.com/mantzas/patron/sync/http/middleware.go:33.55,36.16 2 1
github.com/mantzas/patron/sync/http/middleware.go:40.2,40.28 1 1
github.com/mantzas/patron/sync/http/middleware.go:45.2,45.19 1 1
github.com/mantzas/patron/sync/http/middleware.go:36.16,38.3 1 0
github.com/mantzas/patron/sync/http/middleware.go:40.28,43.3 2 1
github.com/mantzas/patron/sync/http/middleware.go:49.48,53.2 3 1
github.com/mantzas/patron/sync/http/middleware.go:56.107,57.11 1 1
github.com/mantzas/patron/sync/http/middleware.go:63.2,63.17 1 1
github.com/mantzas/patron/sync/http/middleware.go:66.2,66.55 1 1
github.com/mantzas/patron/sync/http/middleware.go:57.11,58.18 1 1
github.com/mantzas/patron/sync/http/middleware.go:61.3,61.81 1 1
github.com/mantzas/patron/sync/http/middleware.go:58.18,60.4 1 1
github.com/mantzas/patron/sync/http/middleware.go:63.17,65.3 1 1
github.com/mantzas/patron/sync/http/middleware.go:69.77,70.54 1 1
github.com/mantzas/patron/sync/http/middleware.go:70.54,75.3 4 1
github.com/mantzas/patron/sync/http/middleware.go:78.65,79.54 1 1
github.com/mantzas/patron/sync/http/middleware.go:79.54,80.16 1 1
github.com/mantzas/patron/sync/http/middleware.go:96.3,96.13 1 1
github.com/mantzas/patron/sync/http/middleware.go:80.16,81.32 1 1
github.com/mantzas/patron/sync/http/middleware.go:81.32,83.26 2 1
github.com/mantzas/patron/sync/http/middleware.go:91.5,93.99 3 1
github.com/mantzas/patron/sync/http/middleware.go:84.17,85.25 1 1
github.com/mantzas/patron/sync/http/middleware.go:86.16,87.13 1 1
github.com/mantzas/patron/sync/http/middleware.go:88.13,89.39 1 1
github.com/mantzas/patron/sync/http/middleware.go:100.86,101.54 1 1
github.com/mantzas/patron/sync/http/middleware.go:101.54,103.17 2 1
github.com/mantzas/patron/sync/http/middleware.go:108.3,108.21 1 1
github.com/mantzas/patron/sync/http/middleware.go:113.3,113.13 1 1
github.com/mantzas/patron/sync/http/middleware.go:103.17,106.4 2 1
github.com/mantzas/patron/sync/http/middleware.go:108.21,111.4 2 1
github.com/mantzas/patron/sync/http/profiling.go:8.32,22.2 1 1
github.com/mantzas/patron/sync/http/profiling.go:24.56,26.2 1 1
github.com/mantzas/patron/sync/http/profiling.go:28.63,30.2 1 1
github.com/mantzas/patron/sync/http/profiling.go:32.58,34.2 1 1
github.com/mantzas/patron/sync/http/profiling.go:36.58,38.2 1 1
github.com/mantzas/patron/sync/http/profiling.go:40.57,42.2 1 1
github.com/mantzas/patron/sync/http/profiling.go:44.56,46.2 1 1
github.com/mantzas/patron/sync/http/profiling.go:48.55,50.2 1 1
github.com/mantzas/patron/sync/http/profiling.go:52.60,54.2 1 1
github.com/mantzas/patron/sync/http/profiling.go:56.56,58.2 1 1
github.com/mantzas/patron/sync/http/profiling.go:60.63,62.2 1 1
github.com/mantzas/patron/sync/http/profiling.go:64.56,66.2 1 1
github.com/mantzas/patron/sync/http/component.go:23.43,23.61 1 0
github.com/mantzas/patron/sync/http/component.go:40.48,50.23 2 1
github.com/mantzas/patron/sync/http/component.go:57.2,63.16 6 1
github.com/mantzas/patron/sync/http/component.go:50.23,52.17 2 1
github.com/mantzas/patron/sync/http/component.go:52.17,54.4 1 1
github.com/mantzas/patron/sync/http/component.go:67.51,69.2 1 1
github.com/mantzas/patron/sync/http/component.go:72.52,75.37 3 1
github.com/mantzas/patron/sync/http/component.go:78.2,83.9 5 1
github.com/mantzas/patron/sync/http/component.go:75.37,77.3 1 1
github.com/mantzas/patron/sync/http/component.go:84.20,86.27 2 1
github.com/mantzas/patron/sync/http/component.go:87.23,88.13 1 1
github.com/mantzas/patron/sync/http/component.go:92.71,93.41 1 1
github.com/mantzas/patron/sync/http/component.go:98.2,99.28 2 1
github.com/mantzas/patron/sync/http/component.go:93.41,96.3 2 1
github.com/mantzas/patron/sync/http/component.go:102.53,105.33 3 1
github.com/mantzas/patron/sync/http/component.go:109.2,115.3 1 1
github.com/mantzas/patron/sync/http/component.go:105.33,108.3 2 1
github.com/mantzas/patron/sync/http/component.go:118.34,124.41 6 1
github.com/mantzas/patron/sync/http/component.go:124.41,128.3 3 1
github.com/mantzas/patron/sync/http/health.go:22.50,24.52 1 1
github.com/mantzas/patron/sync/http/health.go:36.2,36.57 1 1
github.com/mantzas/patron/sync/http/health.go:24.52,25.16 1 1
github.com/mantzas/patron/sync/http/health.go:26.21,27.48 1 1
github.com/mantzas/patron/sync/http/health.go:28.16,29.32 1 1
github.com/mantzas/patron/sync/http/health.go:30.18,31.49 1 1
github.com/mantzas/patron/sync/http/health.go:32.11,33.32 1 1
github.com/mantzas/patron/sync/http/info.go:12.58,16.16 3 1
github.com/mantzas/patron/sync/http/info.go:21.2,21.23 1 1
github.com/mantzas/patron/sync/http/info.go:25.2,26.16 2 1
github.com/mantzas/patron/sync/http/info.go:31.2,32.16 2 1
github.com/mantzas/patron/sync/http/info.go:16.16,19.3 2 0
github.com/mantzas/patron/sync/http/info.go:21.23,23.3 1 1
github.com/mantzas/patron/sync/http/info.go:26.16,29.3 2 0
github.com/mantzas/patron/sync/http/info.go:32.16,35.3 2 0
github.com/mantzas/patron/sync/http/info.go:38.24,40.2 1 1
github.com/mantzas/patron/sync/http/route.go:20.69,22.2 1 1
github.com/mantzas/patron/sync/http/route.go:25.70,27.2 1 1
github.com/mantzas/patron/sync/http/route.go:30.69,32.2 1 1
github.com/mantzas/patron/sync/http/route.go:35.72,37.2 1 1
github.com/mantzas/patron/sync/http/route.go:40.101,42.2 1 1
github.com/mantzas/patron/sync/http/route.go:45.76,47.2 1 1
github.com/mantzas/patron/sync/http/route.go:50.98,52.2 1 1
github.com/mantzas/patron/sync/http/route.go:55.99,57.2 1 1
github.com/mantzas/patron/sync/http/route.go:60.98,62.2 1 1
github.com/mantzas/patron/sync/http/route.go:65.101,67.2 1 1
github.com/mantzas/patron/sync/http/route.go:70.105,72.2 1 1
github.com/mantzas/patron/sync/http/handler.go:16.55,18.54 1 1
github.com/mantzas/patron/sync/http/handler.go:18.54,21.17 2 1
github.com/mantzas/patron/sync/http/handler.go:25.3,28.38 3 1
github.com/mantzas/patron/sync/http/handler.go:32.3,35.17 4 1
github.com/mantzas/patron/sync/http/handler.go:40.3,41.17 2 1
github.com/mantzas/patron/sync/http/handler.go:21.17,24.4 2 1
github.com/mantzas/patron/sync/http/handler.go:28.38,30.4 1 1
github.com/mantzas/patron/sync/http/handler.go:35.17,38.4 2 1
github.com/mantzas/patron/sync/http/handler.go:41.17,43.4 1 1
github.com/mantzas/patron/sync/http/handler.go:47.99,52.18 3 1
github.com/mantzas/patron/sync/http/handler.go:56.2,60.9 4 1
github.com/mantzas/patron/sync/http/handler.go:75.2,75.9 1 1
github.com/mantzas/patron/sync/http/handler.go:94.2,94.26 1 1
github.com/mantzas/patron/sync/http/handler.go:52.18,54.3 1 1
github.com/mantzas/patron/sync/http/handler.go:60.9,61.17 1 1
github.com/mantzas/patron/sync/http/handler.go:62.43,65.25 3 1
github.com/mantzas/patron/sync/http/handler.go:66.43,69.22 3 1
github.com/mantzas/patron/sync/http/handler.go:70.11,71.72 1 1
github.com/mantzas/patron/sync/http/handler.go:75.9,76.17 1 1
github.com/mantzas/patron/sync/http/handler.go:77.43,79.18 2 1
github.com/mantzas/patron/sync/http/handler.go:82.4,82.25 1 1
github.com/mantzas/patron/sync/http/handler.go:83.43,85.18 2 1
github.com/mantzas/patron/sync/http/handler.go:88.4,88.22 1 1
github.com/mantzas/patron/sync/http/handler.go:89.11,90.66 1 1
github.com/mantzas/patron/sync/http/handler.go:79.18,81.5 1 1
github.com/mantzas/patron/sync/http/handler.go:85.18,87.5 1 1
github.com/mantzas/patron/sync/http/handler.go:97.55,100.42 2 1
github.com/mantzas/patron/sync/http/handler.go:103.2,103.10 1 1
github.com/mantzas/patron/sync/http/handler.go:100.42,102.3 1 1
github.com/mantzas/patron/sync/http/handler.go:106.111,107.16 1 1
github.com/mantzas/patron/sync/http/handler.go:112.2,113.16 2 1
github.com/mantzas/patron/sync/http/handler.go:117.2,117.33 1 1
github.com/mantzas/patron/sync/http/handler.go:121.2,122.12 2 1
github.com/mantzas/patron/sync/http/handler.go:107.16,110.3 2 1
github.com/mantzas/patron/sync/http/handler.go:113.16,115.3 1 1
github.com/mantzas/patron/sync/http/handler.go:117.33,119.3 1 1
github.com/mantzas/patron/sync/http/handler.go:125.52,126.20 1 1
github.com/mantzas/patron/sync/http/handler.go:127.29,128.79 1 1
github.com/mantzas/patron/sync/http/handler.go:129.31,130.83 1 1
github.com/mantzas/patron/sync/http/handler.go:131.28,132.77 1 1
github.com/mantzas/patron/sync/http/handler.go:133.27,134.41 1 1
github.com/mantzas/patron/sync/http/handler.go:135.37,136.95 1 1
github.com/mantzas/patron/sync/http/handler.go:137.10,138.97 1 1
github.com/mantzas/patron/sync/http/handler.go:142.56,144.2 1 1
github.com/mantzas/patron/sync/http/handler.go:146.55,148.19 2 1
github.com/mantzas/patron/sync/http/handler.go:151.2,152.24 2 1
github.com/mantzas/patron/sync/http/handler.go:155.2,155.10 1 1
github.com/mantzas/patron/sync/http/handler.go:148.19,150.3 1 1
github.com/mantzas/patron/sync/http/handler.go:152.24,154.3 1 1
github.com/mantzas/patron/sync/http/metric.go:9.26,11.2 1 1
github.com/mantzas/patron/sync/http/option.go:13.32,14.34 1 1
github.com/mantzas/patron/sync/http/option.go:14.34,15.32 1 1
github.com/mantzas/patron/sync/http/option.go:18.3,19.13 2 1
github.com/mantzas/patron/sync/http/option.go:15.32,17.4 1 1
github.com/mantzas/patron/sync/http/option.go:24.53,25.34 1 1
github.com/mantzas/patron/sync/http/option.go:25.34,29.3 3 1
github.com/mantzas/patron/sync/http/option.go:33.36,34.34 1 1
github.com/mantzas/patron/sync/http/option.go:34.34,35.19 1 1
github.com/mantzas/patron/sync/http/option.go:38.3,39.13 2 1
github.com/mantzas/patron/sync/http/option.go:35.19,37.4 1 1
github.com/mantzas/patron/sync/http/option.go:44.50,45.34 1 1
github.com/mantzas/patron/sync/http/option.go:45.34,46.17 1 1
github.com/mantzas/patron/sync/http/option.go:49.3,50.13 2 1
github.com/mantzas/patron/sync/http/option.go:46.17,48.4 1 1
github.com/mantzas/patron/sync/http/option.go:55.50,56.34 1 1
github.com/mantzas/patron/sync/http/option.go:56.34,57.21 1 1
github.com/mantzas/patron/sync/http/option.go:60.3,60.20 1 1
github.com/mantzas/patron/sync/http/option.go:63.3,65.13 3 1
github.com/mantzas/patron/sync/http/option.go:57.21,59.4 1 1
github.com/mantzas/patron/sync/http/option.go:60.20,62.4 1 1
