mode: atomic
github.com/mantzas/patron/errors/aggregate.go:17.23,19.2 1 1
github.com/mantzas/patron/errors/aggregate.go:22.39,23.16 1 4
github.com/mantzas/patron/errors/aggregate.go:26.2,28.34 3 3
github.com/mantzas/patron/errors/aggregate.go:23.16,25.3 1 1
github.com/mantzas/patron/errors/aggregate.go:32.33,36.2 3 1
github.com/mantzas/patron/errors/aggregate.go:39.36,43.31 4 1
github.com/mantzas/patron/errors/aggregate.go:53.2,53.19 1 1
github.com/mantzas/patron/errors/aggregate.go:43.31,45.18 2 3
github.com/mantzas/patron/errors/aggregate.go:48.3,49.18 2 3
github.com/mantzas/patron/errors/aggregate.go:45.18,47.4 1 0
github.com/mantzas/patron/errors/aggregate.go:49.18,51.4 1 0
github.com/mantzas/patron/async/async.go:29.75,30.21 1 2
github.com/mantzas/patron/async/async.go:34.2,34.75 1 1
github.com/mantzas/patron/async/async.go:31.49,32.29 1 1
github.com/mantzas/patron/async/component.go:23.74,24.16 1 8
github.com/mantzas/patron/async/component.go:28.2,28.14 1 7
github.com/mantzas/patron/async/component.go:32.2,32.16 1 6
github.com/mantzas/patron/async/component.go:36.2,40.8 1 5
github.com/mantzas/patron/async/component.go:24.16,26.3 1 1
github.com/mantzas/patron/async/component.go:28.14,30.3 1 1
github.com/mantzas/patron/async/component.go:32.16,34.3 1 1
github.com/mantzas/patron/async/component.go:44.52,52.16 7 4
github.com/mantzas/patron/async/component.go:56.2,57.12 2 3
github.com/mantzas/patron/async/component.go:86.2,86.17 1 3
github.com/mantzas/patron/async/component.go:52.16,54.3 1 1
github.com/mantzas/patron/async/component.go:57.12,58.7 1 3
github.com/mantzas/patron/async/component.go:58.7,59.11 1 5
github.com/mantzas/patron/async/component.go:60.22,63.11 3 1
github.com/mantzas/patron/async/component.go:64.24,66.15 2 2
github.com/mantzas/patron/async/component.go:79.27,81.11 2 1
github.com/mantzas/patron/async/component.go:66.15,68.20 2 2
github.com/mantzas/patron/async/component.go:75.6,75.38 1 1
github.com/mantzas/patron/async/component.go:68.20,74.7 5 1
github.com/mantzas/patron/async/component.go:75.38,77.7 1 0
github.com/mantzas/patron/async/component.go:90.57,95.2 4 1
github.com/mantzas/patron/config/config.go:20.28,21.14 1 7
github.com/mantzas/patron/config/config.go:25.2,26.12 2 6
github.com/mantzas/patron/config/config.go:21.14,23.3 1 1
github.com/mantzas/patron/config/config.go:30.47,32.2 1 5
github.com/mantzas/patron/config/config.go:35.43,37.2 1 1
github.com/mantzas/patron/config/config.go:40.40,42.2 1 1
github.com/mantzas/patron/config/config.go:45.42,47.2 1 1
github.com/mantzas/patron/config/config.go:50.44,52.2 1 1
github.com/mantzas/patron/config/config.go:55.46,57.2 1 1
github.com/mantzas/patron/config/env/config.go:23.40,26.16 3 22
github.com/mantzas/patron/config/env/config.go:29.2,29.16 1 20
github.com/mantzas/patron/config/env/config.go:26.16,28.3 1 2
github.com/mantzas/patron/config/env/config.go:33.59,35.9 2 4
github.com/mantzas/patron/config/env/config.go:38.2,38.35 1 3
github.com/mantzas/patron/config/env/config.go:41.2,41.64 1 3
github.com/mantzas/patron/config/env/config.go:35.9,37.3 1 1
github.com/mantzas/patron/config/env/config.go:38.35,40.3 1 2
github.com/mantzas/patron/config/env/config.go:45.55,47.9 2 2
github.com/mantzas/patron/config/env/config.go:50.2,50.15 1 1
github.com/mantzas/patron/config/env/config.go:47.9,49.3 1 1
github.com/mantzas/patron/config/env/config.go:54.52,56.9 2 3
github.com/mantzas/patron/config/env/config.go:59.2,60.16 2 2
github.com/mantzas/patron/config/env/config.go:63.2,63.15 1 1
github.com/mantzas/patron/config/env/config.go:56.9,58.3 1 1
github.com/mantzas/patron/config/env/config.go:60.16,62.3 1 1
github.com/mantzas/patron/config/env/config.go:67.54,69.9 2 3
github.com/mantzas/patron/config/env/config.go:72.2,73.16 2 2
github.com/mantzas/patron/config/env/config.go:76.2,76.15 1 1
github.com/mantzas/patron/config/env/config.go:69.9,71.3 1 1
github.com/mantzas/patron/config/env/config.go:73.16,75.3 1 1
github.com/mantzas/patron/config/env/config.go:80.56,82.9 2 2
github.com/mantzas/patron/config/env/config.go:85.2,85.15 1 1
github.com/mantzas/patron/config/env/config.go:82.9,84.3 1 1
github.com/mantzas/patron/config/env/config.go:89.58,91.9 2 3
github.com/mantzas/patron/config/env/config.go:94.2,95.16 2 2
github.com/mantzas/patron/config/env/config.go:98.2,98.15 1 1
github.com/mantzas/patron/config/env/config.go:91.9,93.3 1 1
github.com/mantzas/patron/config/env/config.go:95.16,97.3 1 1
github.com/mantzas/patron/config/env/config.go:101.48,102.14 1 22
github.com/mantzas/patron/config/env/config.go:106.2,108.21 3 4
github.com/mantzas/patron/config/env/config.go:116.2,116.25 1 3
github.com/mantzas/patron/config/env/config.go:128.2,128.12 1 2
github.com/mantzas/patron/config/env/config.go:102.14,104.3 1 18
github.com/mantzas/patron/config/env/config.go:108.21,110.21 2 4
github.com/mantzas/patron/config/env/config.go:113.3,113.26 1 3
github.com/mantzas/patron/config/env/config.go:110.21,112.4 1 1
github.com/mantzas/patron/config/env/config.go:116.25,117.35 1 3
github.com/mantzas/patron/config/env/config.go:121.3,123.17 3 2
github.com/mantzas/patron/config/env/config.go:117.35,119.12 2 1
github.com/mantzas/patron/config/env/config.go:123.17,125.4 1 1
github.com/mantzas/patron/encoding/json/json.go:16.50,18.2 1 1
github.com/mantzas/patron/encoding/json/json.go:21.50,23.2 1 1
github.com/mantzas/patron/encoding/json/json.go:26.44,28.2 1 1
github.com/mantzas/patron/log/log.go:60.57,61.14 1 2
github.com/mantzas/patron/log/log.go:65.2,65.16 1 1
github.com/mantzas/patron/log/log.go:69.2,71.12 3 1
github.com/mantzas/patron/log/log.go:61.14,63.3 1 1
github.com/mantzas/patron/log/log.go:65.16,67.3 1 1
github.com/mantzas/patron/log/log.go:75.22,76.20 1 2
github.com/mantzas/patron/log/log.go:80.2,82.27 2 1
github.com/mantzas/patron/log/log.go:86.2,86.40 1 1
github.com/mantzas/patron/log/log.go:90.2,90.28 1 1
github.com/mantzas/patron/log/log.go:76.20,78.3 1 1
github.com/mantzas/patron/log/log.go:82.27,84.3 1 1
github.com/mantzas/patron/log/log.go:86.40,88.3 1 1
github.com/mantzas/patron/log/log.go:93.55,95.9 2 1
github.com/mantzas/patron/log/log.go:99.2,102.8 4 1
github.com/mantzas/patron/log/log.go:95.9,97.3 1 0
github.com/mantzas/patron/log/log.go:105.52,106.16 1 4
github.com/mantzas/patron/log/log.go:109.2,111.25 3 3
github.com/mantzas/patron/log/log.go:116.2,116.8 1 3
github.com/mantzas/patron/log/log.go:106.16,108.3 1 1
github.com/mantzas/patron/log/log.go:111.25,113.3 1 1
github.com/mantzas/patron/log/log.go:113.8,115.3 1 2
github.com/mantzas/patron/log/log.go:122.67,124.2 1 1
github.com/mantzas/patron/log/log.go:130.35,132.2 1 1
github.com/mantzas/patron/log/log.go:134.53,136.2 1 1
github.com/mantzas/patron/log/log.go:138.49,139.2 0 0
github.com/mantzas/patron/log/log.go:141.62,142.2 0 0
github.com/mantzas/patron/log/log.go:144.49,145.2 0 0
github.com/mantzas/patron/log/log.go:147.62,148.2 0 0
github.com/mantzas/patron/log/log.go:150.49,151.2 0 0
github.com/mantzas/patron/log/log.go:153.62,154.2 0 0
github.com/mantzas/patron/log/log.go:156.48,157.2 0 0
github.com/mantzas/patron/log/log.go:159.61,160.2 0 0
github.com/mantzas/patron/log/log.go:162.48,163.2 0 0
github.com/mantzas/patron/log/log.go:165.61,166.2 0 0
github.com/mantzas/patron/log/log.go:168.49,169.2 0 0
github.com/mantzas/patron/log/log.go:171.62,172.2 0 0
github.com/mantzas/patron/sync/errors.go:8.42,10.2 1 1
github.com/mantzas/patron/sync/errors.go:13.54,15.2 1 1
github.com/mantzas/patron/sync/errors.go:22.44,24.2 1 1
github.com/mantzas/patron/sync/errors.go:27.58,29.2 1 1
github.com/mantzas/patron/sync/errors.go:36.41,38.2 1 1
github.com/mantzas/patron/sync/errors.go:41.52,43.2 1 1
github.com/mantzas/patron/sync/errors.go:50.40,52.2 1 1
github.com/mantzas/patron/sync/errors.go:55.50,57.2 1 1
github.com/mantzas/patron/sync/errors.go:64.50,66.2 1 1
github.com/mantzas/patron/sync/errors.go:69.70,71.2 1 1
github.com/mantzas/patron/sync/sync.go:18.83,20.2 1 2
github.com/mantzas/patron/sync/sync.go:23.47,25.2 1 1
github.com/mantzas/patron/sync/sync.go:33.43,35.2 1 1
github.com/mantzas/patron/log/zerolog/factory.go:17.63,19.2 1 3
github.com/mantzas/patron/log/zerolog/factory.go:22.48,27.2 4 1
github.com/mantzas/patron/log/zerolog/factory.go:30.64,32.2 1 1
github.com/mantzas/patron/log/zerolog/logger.go:12.13,22.2 1 1
github.com/mantzas/patron/log/zerolog/logger.go:32.87,33.17 1 14
github.com/mantzas/patron/log/zerolog/logger.go:36.2,37.50 2 14
github.com/mantzas/patron/log/zerolog/logger.go:33.17,35.3 1 2
github.com/mantzas/patron/log/zerolog/logger.go:41.36,43.2 1 2
github.com/mantzas/patron/log/zerolog/logger.go:46.50,48.2 1 4
github.com/mantzas/patron/log/zerolog/logger.go:51.45,53.2 1 1
github.com/mantzas/patron/log/zerolog/logger.go:56.58,58.2 1 1
github.com/mantzas/patron/log/zerolog/logger.go:61.45,63.2 1 0
github.com/mantzas/patron/log/zerolog/logger.go:66.58,68.2 1 0
github.com/mantzas/patron/log/zerolog/logger.go:71.45,73.2 1 1
github.com/mantzas/patron/log/zerolog/logger.go:76.58,78.2 1 1
github.com/mantzas/patron/log/zerolog/logger.go:81.44,83.2 1 1
github.com/mantzas/patron/log/zerolog/logger.go:86.57,88.2 1 1
github.com/mantzas/patron/log/zerolog/logger.go:91.44,93.2 1 1
github.com/mantzas/patron/log/zerolog/logger.go:96.57,98.2 1 1
github.com/mantzas/patron/log/zerolog/logger.go:101.45,103.2 1 1
github.com/mantzas/patron/log/zerolog/logger.go:106.58,108.2 1 1
github.com/mantzas/patron/async/amqp/amqp.go:26.45,28.2 1 0
github.com/mantzas/patron/async/amqp/amqp.go:30.47,32.2 1 0
github.com/mantzas/patron/async/amqp/amqp.go:34.31,38.2 3 0
github.com/mantzas/patron/async/amqp/amqp.go:40.32,44.2 3 0
github.com/mantzas/patron/async/amqp/amqp.go:61.90,63.16 1 6
github.com/mantzas/patron/async/amqp/amqp.go:67.2,67.15 1 5
github.com/mantzas/patron/async/amqp/amqp.go:71.2,71.17 1 4
github.com/mantzas/patron/async/amqp/amqp.go:75.2,75.20 1 3
github.com/mantzas/patron/async/amqp/amqp.go:79.2,79.16 1 2
github.com/mantzas/patron/async/amqp/amqp.go:83.2,83.117 1 1
github.com/mantzas/patron/async/amqp/amqp.go:63.16,65.3 1 1
github.com/mantzas/patron/async/amqp/amqp.go:67.15,69.3 1 1
github.com/mantzas/patron/async/amqp/amqp.go:71.17,73.3 1 1
github.com/mantzas/patron/async/amqp/amqp.go:75.20,77.3 1 1
github.com/mantzas/patron/async/amqp/amqp.go:79.16,81.3 1 1
github.com/mantzas/patron/async/amqp/amqp.go:87.93,90.16 3 0
github.com/mantzas/patron/async/amqp/amqp.go:94.2,97.12 3 0
github.com/mantzas/patron/async/amqp/amqp.go:128.2,128.26 1 0
github.com/mantzas/patron/async/amqp/amqp.go:90.16,92.3 1 0
github.com/mantzas/patron/async/amqp/amqp.go:97.12,98.10 1 0
github.com/mantzas/patron/async/amqp/amqp.go:99.21,101.10 2 0
github.com/mantzas/patron/async/amqp/amqp.go:102.26,104.30 2 0
github.com/mantzas/patron/async/amqp/amqp.go:104.30,108.19 3 0
github.com/mantzas/patron/async/amqp/amqp.go:117.5,123.6 1 0
github.com/mantzas/patron/async/amqp/amqp.go:108.19,115.6 6 0
github.com/mantzas/patron/async/amqp/amqp.go:132.34,135.17 2 0
github.com/mantzas/patron/async/amqp/amqp.go:140.2,140.19 1 0
github.com/mantzas/patron/async/amqp/amqp.go:145.2,145.21 1 0
github.com/mantzas/patron/async/amqp/amqp.go:148.2,148.12 1 0
github.com/mantzas/patron/async/amqp/amqp.go:135.17,138.3 2 0
github.com/mantzas/patron/async/amqp/amqp.go:140.19,143.3 2 0
github.com/mantzas/patron/async/amqp/amqp.go:145.21,147.3 1 0
github.com/mantzas/patron/async/amqp/amqp.go:151.61,153.16 2 0
github.com/mantzas/patron/async/amqp/amqp.go:156.2,159.16 3 0
github.com/mantzas/patron/async/amqp/amqp.go:162.2,168.16 5 0
github.com/mantzas/patron/async/amqp/amqp.go:172.2,173.16 2 0
github.com/mantzas/patron/async/amqp/amqp.go:177.2,178.16 2 0
github.com/mantzas/patron/async/amqp/amqp.go:182.2,182.24 1 0
github.com/mantzas/patron/async/amqp/amqp.go:153.16,155.3 1 0
github.com/mantzas/patron/async/amqp/amqp.go:159.16,161.3 1 0
github.com/mantzas/patron/async/amqp/amqp.go:168.16,170.3 1 0
github.com/mantzas/patron/async/amqp/amqp.go:173.16,175.3 1 0
github.com/mantzas/patron/async/amqp/amqp.go:178.16,180.3 1 0
github.com/mantzas/patron/async/amqp/amqp.go:185.49,187.23 2 1
github.com/mantzas/patron/async/amqp/amqp.go:190.2,190.11 1 1
github.com/mantzas/patron/async/amqp/amqp.go:187.23,189.3 1 2
github.com/mantzas/patron/trace/http/http.go:24.53,30.2 1 1
github.com/mantzas/patron/trace/http/http.go:33.92,42.2 4 1
github.com/mantzas/patron/async/kafka/kafka.go:22.45,24.2 1 0
github.com/mantzas/patron/async/kafka/kafka.go:26.47,28.2 1 0
github.com/mantzas/patron/async/kafka/kafka.go:30.31,33.2 2 0
github.com/mantzas/patron/async/kafka/kafka.go:35.32,38.2 2 0
github.com/mantzas/patron/async/kafka/kafka.go:65.107,67.16 1 6
github.com/mantzas/patron/async/kafka/kafka.go:71.2,71.20 1 5
github.com/mantzas/patron/async/kafka/kafka.go:75.2,75.23 1 4
github.com/mantzas/patron/async/kafka/kafka.go:79.2,79.17 1 3
github.com/mantzas/patron/async/kafka/kafka.go:83.2,83.16 1 2
github.com/mantzas/patron/async/kafka/kafka.go:87.2,99.8 4 1
github.com/mantzas/patron/async/kafka/kafka.go:67.16,69.3 1 1
github.com/mantzas/patron/async/kafka/kafka.go:71.20,73.3 1 1
github.com/mantzas/patron/async/kafka/kafka.go:75.23,77.3 1 1
github.com/mantzas/patron/async/kafka/kafka.go:79.17,81.3 1 1
github.com/mantzas/patron/async/kafka/kafka.go:83.16,85.3 1 1
github.com/mantzas/patron/async/kafka/kafka.go:103.93,109.16 5 0
github.com/mantzas/patron/async/kafka/kafka.go:113.2,116.25 3 0
github.com/mantzas/patron/async/kafka/kafka.go:161.2,161.26 1 0
github.com/mantzas/patron/async/kafka/kafka.go:109.16,111.3 1 0
github.com/mantzas/patron/async/kafka/kafka.go:116.25,117.46 1 0
github.com/mantzas/patron/async/kafka/kafka.go:117.46,118.8 1 0
github.com/mantzas/patron/async/kafka/kafka.go:118.8,119.12 1 0
github.com/mantzas/patron/async/kafka/kafka.go:120.23,122.12 2 0
github.com/mantzas/patron/async/kafka/kafka.go:123.47,124.28 1 0
github.com/mantzas/patron/async/kafka/kafka.go:125.39,127.16 2 0
github.com/mantzas/patron/async/kafka/kafka.go:127.16,131.30 3 0
github.com/mantzas/patron/async/kafka/kafka.go:142.7,143.21 2 0
github.com/mantzas/patron/async/kafka/kafka.go:149.7,154.8 1 0
github.com/mantzas/patron/async/kafka/kafka.go:131.30,133.8 1 0
github.com/mantzas/patron/async/kafka/kafka.go:133.13,135.22 2 0
github.com/mantzas/patron/async/kafka/kafka.go:135.22,139.9 3 0
github.com/mantzas/patron/async/kafka/kafka.go:143.21,147.8 3 0
github.com/mantzas/patron/async/kafka/kafka.go:165.34,167.2 1 0
github.com/mantzas/patron/async/kafka/kafka.go:169.68,172.16 2 0
github.com/mantzas/patron/async/kafka/kafka.go:175.2,178.16 3 0
github.com/mantzas/patron/async/kafka/kafka.go:182.2,184.39 2 0
github.com/mantzas/patron/async/kafka/kafka.go:193.2,193.17 1 0
github.com/mantzas/patron/async/kafka/kafka.go:172.16,174.3 1 0
github.com/mantzas/patron/async/kafka/kafka.go:178.16,180.3 1 0
github.com/mantzas/patron/async/kafka/kafka.go:184.39,187.17 2 0
github.com/mantzas/patron/async/kafka/kafka.go:190.3,190.14 1 0
github.com/mantzas/patron/async/kafka/kafka.go:187.17,189.4 1 0
github.com/mantzas/patron/async/kafka/kafka.go:196.71,197.24 1 2
github.com/mantzas/patron/async/kafka/kafka.go:202.2,202.57 1 1
github.com/mantzas/patron/async/kafka/kafka.go:197.24,198.50 1 1
github.com/mantzas/patron/async/kafka/kafka.go:198.50,200.4 1 1
github.com/mantzas/patron/async/kafka/kafka.go:205.61,207.23 2 0
github.com/mantzas/patron/async/kafka/kafka.go:210.2,210.11 1 0
github.com/mantzas/patron/async/kafka/kafka.go:207.23,209.3 1 0
github.com/mantzas/patron/trace/amqp/amqp.go:22.50,24.2 1 1
github.com/mantzas/patron/trace/amqp/amqp.go:27.54,29.16 2 2
github.com/mantzas/patron/trace/amqp/amqp.go:32.2,32.65 1 1
github.com/mantzas/patron/trace/amqp/amqp.go:29.16,31.3 1 1
github.com/mantzas/patron/trace/amqp/amqp.go:53.62,55.15 1 0
github.com/mantzas/patron/trace/amqp/amqp.go:59.2,59.15 1 0
github.com/mantzas/patron/trace/amqp/amqp.go:63.2,70.16 3 0
github.com/mantzas/patron/trace/amqp/amqp.go:73.2,76.16 3 0
github.com/mantzas/patron/trace/amqp/amqp.go:79.2,90.16 3 0
github.com/mantzas/patron/trace/amqp/amqp.go:94.2,94.16 1 0
github.com/mantzas/patron/trace/amqp/amqp.go:55.15,57.3 1 0
github.com/mantzas/patron/trace/amqp/amqp.go:59.15,61.3 1 0
github.com/mantzas/patron/trace/amqp/amqp.go:70.16,72.3 1 0
github.com/mantzas/patron/trace/amqp/amqp.go:76.16,78.3 1 0
github.com/mantzas/patron/trace/amqp/amqp.go:90.16,92.3 1 0
github.com/mantzas/patron/trace/amqp/amqp.go:98.77,109.16 5 0
github.com/mantzas/patron/trace/amqp/amqp.go:113.2,120.16 2 0
github.com/mantzas/patron/trace/amqp/amqp.go:124.2,125.12 2 0
github.com/mantzas/patron/trace/amqp/amqp.go:109.16,111.3 1 0
github.com/mantzas/patron/trace/amqp/amqp.go:120.16,123.3 2 0
github.com/mantzas/patron/trace/amqp/amqp.go:129.61,135.26 4 0
github.com/mantzas/patron/trace/amqp/amqp.go:138.2,138.12 1 0
github.com/mantzas/patron/trace/amqp/amqp.go:135.26,137.3 1 0
github.com/mantzas/patron/trace/amqp/amqp.go:144.50,146.2 1 0
github.com/mantzas/patron/trace/trace.go:39.13,41.2 1 1
github.com/mantzas/patron/trace/trace.go:44.85,45.15 1 1
github.com/mantzas/patron/trace/trace.go:48.2,66.16 5 1
github.com/mantzas/patron/trace/trace.go:69.2,73.12 5 1
github.com/mantzas/patron/trace/trace.go:45.15,47.3 1 1
github.com/mantzas/patron/trace/trace.go:66.16,68.3 1 0
github.com/mantzas/patron/trace/trace.go:77.20,80.2 2 1
github.com/mantzas/patron/trace/trace.go:87.39,89.61 2 2
github.com/mantzas/patron/trace/trace.go:92.2,95.49 4 2
github.com/mantzas/patron/trace/trace.go:89.61,91.3 1 0
github.com/mantzas/patron/trace/trace.go:99.49,102.2 2 1
github.com/mantzas/patron/trace/trace.go:105.47,108.2 2 2
github.com/mantzas/patron/trace/trace.go:111.84,113.61 2 1
github.com/mantzas/patron/trace/trace.go:116.2,121.72 6 1
github.com/mantzas/patron/trace/trace.go:113.61,115.3 1 0
github.com/mantzas/patron/trace/trace.go:125.52,128.2 2 1
github.com/mantzas/patron/trace/trace.go:135.39,138.25 3 1
github.com/mantzas/patron/trace/trace.go:141.2,142.16 2 1
github.com/mantzas/patron/trace/trace.go:138.25,140.3 1 1
github.com/mantzas/patron/trace/trace.go:146.45,148.2 1 1
github.com/mantzas/patron/trace/trace.go:153.49,155.2 0 0
github.com/mantzas/patron/trace/trace.go:157.70,159.2 0 0
github.com/mantzas/patron/trace/trace.go:165.64,166.18 1 2
github.com/mantzas/patron/trace/trace.go:169.2,169.31 1 2
github.com/mantzas/patron/trace/trace.go:166.18,168.3 1 2
github.com/mantzas/patron/trace/kafka/kafka.go:21.46,23.2 1 1
github.com/mantzas/patron/trace/kafka/kafka.go:26.64,29.16 2 3
github.com/mantzas/patron/trace/kafka/kafka.go:32.2,32.41 1 2
github.com/mantzas/patron/trace/kafka/kafka.go:29.16,31.3 1 1
github.com/mantzas/patron/trace/kafka/kafka.go:50.65,53.16 2 3
github.com/mantzas/patron/trace/kafka/kafka.go:56.2,58.17 3 2
github.com/mantzas/patron/trace/kafka/kafka.go:53.16,55.3 1 1
github.com/mantzas/patron/trace/kafka/kafka.go:62.72,66.16 3 1
github.com/mantzas/patron/trace/kafka/kafka.go:70.2,72.12 3 1
github.com/mantzas/patron/trace/kafka/kafka.go:66.16,69.3 2 0
github.com/mantzas/patron/trace/kafka/kafka.go:76.47,78.2 1 1
github.com/mantzas/patron/trace/kafka/kafka.go:81.40,83.2 1 1
github.com/mantzas/patron/trace/kafka/kafka.go:85.43,86.35 1 2
github.com/mantzas/patron/trace/kafka/kafka.go:86.35,88.3 1 1
github.com/mantzas/patron/trace/kafka/kafka.go:91.96,94.16 3 1
github.com/mantzas/patron/trace/kafka/kafka.go:97.2,102.8 1 1
github.com/mantzas/patron/trace/kafka/kafka.go:94.16,96.3 1 0
github.com/mantzas/patron/trace/kafka/kafka.go:110.52,112.2 1 1
github.com/mantzas/patron/option.go:13.41,14.32 1 6
github.com/mantzas/patron/option.go:14.32,15.19 1 5
github.com/mantzas/patron/option.go:18.3,20.13 3 2
github.com/mantzas/patron/option.go:15.19,17.4 1 3
github.com/mantzas/patron/option.go:25.55,26.32 1 2
github.com/mantzas/patron/option.go:26.32,27.17 1 2
github.com/mantzas/patron/option.go:30.3,32.13 3 1
github.com/mantzas/patron/option.go:27.17,29.4 1 1
github.com/mantzas/patron/option.go:37.45,38.32 1 6
github.com/mantzas/patron/option.go:38.32,39.35 1 6
github.com/mantzas/patron/option.go:42.3,44.13 3 4
github.com/mantzas/patron/option.go:39.35,41.4 1 2
github.com/mantzas/patron/service.go:46.68,48.16 1 14
github.com/mantzas/patron/service.go:52.2,52.19 1 13
github.com/mantzas/patron/service.go:56.2,60.16 4 13
github.com/mantzas/patron/service.go:64.2,65.16 2 13
github.com/mantzas/patron/service.go:69.2,70.16 2 13
github.com/mantzas/patron/service.go:74.2,74.23 1 13
github.com/mantzas/patron/service.go:81.2,82.16 2 12
github.com/mantzas/patron/service.go:86.2,88.16 3 12
github.com/mantzas/patron/service.go:48.16,50.3 1 1
github.com/mantzas/patron/service.go:52.19,54.3 1 5
github.com/mantzas/patron/service.go:60.16,62.3 1 0
github.com/mantzas/patron/service.go:65.16,67.3 1 0
github.com/mantzas/patron/service.go:70.16,72.3 1 0
github.com/mantzas/patron/service.go:74.23,76.17 2 5
github.com/mantzas/patron/service.go:76.17,78.4 1 1
github.com/mantzas/patron/service.go:82.16,84.3 1 0
github.com/mantzas/patron/service.go:91.37,92.12 1 12
github.com/mantzas/patron/service.go:92.12,98.3 5 12
github.com/mantzas/patron/service.go:104.31,108.27 2 3
github.com/mantzas/patron/service.go:114.2,114.9 1 3
github.com/mantzas/patron/service.go:108.27,109.45 1 6
github.com/mantzas/patron/service.go:109.45,111.4 1 6
github.com/mantzas/patron/service.go:115.22,118.18 3 3
github.com/mantzas/patron/service.go:121.3,121.13 1 2
github.com/mantzas/patron/service.go:122.22,124.22 2 0
github.com/mantzas/patron/service.go:118.18,120.4 1 1
github.com/mantzas/patron/service.go:129.36,132.15 3 6
github.com/mantzas/patron/service.go:138.2,142.27 4 6
github.com/mantzas/patron/service.go:151.2,152.21 2 6
github.com/mantzas/patron/service.go:155.2,155.12 1 4
github.com/mantzas/patron/service.go:132.15,134.17 2 6
github.com/mantzas/patron/service.go:134.17,136.4 1 0
github.com/mantzas/patron/service.go:142.27,145.91 2 12
github.com/mantzas/patron/service.go:145.91,148.4 2 12
github.com/mantzas/patron/service.go:152.21,154.3 1 2
github.com/mantzas/patron/service.go:158.67,161.9 2 13
github.com/mantzas/patron/service.go:165.2,166.16 2 13
github.com/mantzas/patron/service.go:170.2,177.16 3 13
github.com/mantzas/patron/service.go:181.2,183.12 3 13
github.com/mantzas/patron/service.go:161.9,163.3 1 13
github.com/mantzas/patron/service.go:166.16,168.3 1 0
github.com/mantzas/patron/service.go:177.16,179.3 1 0
github.com/mantzas/patron/service.go:186.46,188.16 2 13
github.com/mantzas/patron/service.go:192.2,193.16 2 13
github.com/mantzas/patron/service.go:197.2,197.26 1 13
github.com/mantzas/patron/service.go:188.16,190.3 1 13
github.com/mantzas/patron/service.go:193.16,195.3 1 0
github.com/mantzas/patron/service.go:200.67,202.16 2 13
github.com/mantzas/patron/service.go:205.2,206.16 2 13
github.com/mantzas/patron/service.go:209.2,210.16 2 13
github.com/mantzas/patron/service.go:213.2,214.51 2 13
github.com/mantzas/patron/service.go:202.16,204.3 1 13
github.com/mantzas/patron/service.go:206.16,208.3 1 13
github.com/mantzas/patron/service.go:210.16,212.3 1 13
github.com/mantzas/patron/service.go:217.60,220.16 2 12
github.com/mantzas/patron/service.go:224.2,230.18 3 12
github.com/mantzas/patron/service.go:234.2,234.21 1 12
github.com/mantzas/patron/service.go:238.2,239.16 2 12
github.com/mantzas/patron/service.go:243.2,243.16 1 12
github.com/mantzas/patron/service.go:220.16,222.3 1 12
github.com/mantzas/patron/service.go:230.18,232.3 1 12
github.com/mantzas/patron/service.go:234.21,236.3 1 1
github.com/mantzas/patron/service.go:239.16,241.3 1 0
github.com/mantzas/patron/sync/http/profiling.go:8.32,21.2 1 5
github.com/mantzas/patron/sync/http/profiling.go:23.56,25.2 1 1
github.com/mantzas/patron/sync/http/profiling.go:27.58,29.2 1 1
github.com/mantzas/patron/sync/http/profiling.go:31.58,33.2 1 1
github.com/mantzas/patron/sync/http/profiling.go:35.57,37.2 1 1
github.com/mantzas/patron/sync/http/profiling.go:39.56,41.2 1 1
github.com/mantzas/patron/sync/http/profiling.go:43.55,45.2 1 1
github.com/mantzas/patron/sync/http/profiling.go:47.60,49.2 1 1
github.com/mantzas/patron/sync/http/profiling.go:51.56,53.2 1 1
github.com/mantzas/patron/sync/http/profiling.go:55.63,57.2 1 1
github.com/mantzas/patron/sync/http/profiling.go:59.56,61.2 1 1
github.com/mantzas/patron/sync/http/route.go:18.69,20.2 1 2
github.com/mantzas/patron/sync/http/route.go:23.70,25.2 1 1
github.com/mantzas/patron/sync/http/route.go:28.69,30.2 1 1
github.com/mantzas/patron/sync/http/route.go:33.72,35.2 1 1
github.com/mantzas/patron/sync/http/route.go:38.76,40.2 1 10
github.com/mantzas/patron/sync/http/route.go:43.64,45.2 1 64
github.com/mantzas/patron/sync/http/component.go:20.43,20.61 1 0
github.com/mantzas/patron/sync/http/component.go:36.48,39.23 2 5
github.com/mantzas/patron/sync/http/component.go:46.2,50.16 4 4
github.com/mantzas/patron/sync/http/component.go:39.23,41.17 2 5
github.com/mantzas/patron/sync/http/component.go:41.17,43.4 1 1
github.com/mantzas/patron/sync/http/component.go:54.52,58.37 4 2
github.com/mantzas/patron/sync/http/component.go:65.2,68.41 3 2
github.com/mantzas/patron/sync/http/component.go:73.2,74.31 2 1
github.com/mantzas/patron/sync/http/component.go:58.37,59.24 1 26
github.com/mantzas/patron/sync/http/component.go:59.24,61.4 1 2
github.com/mantzas/patron/sync/http/component.go:61.9,63.4 1 24
github.com/mantzas/patron/sync/http/component.go:68.41,71.3 2 1
github.com/mantzas/patron/sync/http/component.go:78.57,83.2 4 2
github.com/mantzas/patron/sync/http/component.go:85.63,93.2 1 3
github.com/mantzas/patron/sync/http/component.go:95.97,98.31 3 4
github.com/mantzas/patron/sync/http/component.go:102.2,102.15 1 4
github.com/mantzas/patron/sync/http/component.go:98.31,101.3 2 28
github.com/mantzas/patron/sync/http/handler.go:13.55,15.54 1 14
github.com/mantzas/patron/sync/http/handler.go:15.54,18.17 2 5
github.com/mantzas/patron/sync/http/handler.go:22.3,25.38 3 4
github.com/mantzas/patron/sync/http/handler.go:29.3,31.17 3 4
github.com/mantzas/patron/sync/http/handler.go:36.3,37.17 2 3
github.com/mantzas/patron/sync/http/handler.go:18.17,21.4 2 1
github.com/mantzas/patron/sync/http/handler.go:25.38,27.4 1 1
github.com/mantzas/patron/sync/http/handler.go:31.17,34.4 2 1
github.com/mantzas/patron/sync/http/handler.go:37.17,39.4 1 1
github.com/mantzas/patron/sync/http/handler.go:43.55,46.42 2 5
github.com/mantzas/patron/sync/http/handler.go:49.2,49.10 1 5
github.com/mantzas/patron/sync/http/handler.go:46.42,48.3 1 2
github.com/mantzas/patron/sync/http/handler.go:52.99,55.16 2 8
github.com/mantzas/patron/sync/http/handler.go:59.2,59.11 1 6
github.com/mantzas/patron/sync/http/handler.go:63.2,63.74 1 1
github.com/mantzas/patron/sync/http/handler.go:55.16,57.3 1 2
github.com/mantzas/patron/sync/http/handler.go:60.49,61.42 1 5
github.com/mantzas/patron/sync/http/handler.go:66.60,68.9 2 8
github.com/mantzas/patron/sync/http/handler.go:72.2,72.18 1 6
github.com/mantzas/patron/sync/http/handler.go:68.9,71.3 1 2
github.com/mantzas/patron/sync/http/handler.go:75.111,77.16 1 7
github.com/mantzas/patron/sync/http/handler.go:82.2,83.16 2 5
github.com/mantzas/patron/sync/http/handler.go:87.2,87.33 1 3
github.com/mantzas/patron/sync/http/handler.go:91.2,92.12 2 3
github.com/mantzas/patron/sync/http/handler.go:77.16,80.3 2 2
github.com/mantzas/patron/sync/http/handler.go:83.16,85.3 1 2
github.com/mantzas/patron/sync/http/handler.go:87.33,89.3 1 1
github.com/mantzas/patron/sync/http/handler.go:95.52,96.20 1 7
github.com/mantzas/patron/sync/http/handler.go:97.29,98.79 1 1
github.com/mantzas/patron/sync/http/handler.go:99.31,100.83 1 1
github.com/mantzas/patron/sync/http/handler.go:101.28,102.77 1 1
github.com/mantzas/patron/sync/http/handler.go:103.27,104.75 1 1
github.com/mantzas/patron/sync/http/handler.go:105.37,106.95 1 1
github.com/mantzas/patron/sync/http/handler.go:107.10,108.97 1 2
github.com/mantzas/patron/sync/http/handler.go:112.56,114.2 1 5
github.com/mantzas/patron/sync/http/handler.go:116.55,118.19 2 4
github.com/mantzas/patron/sync/http/handler.go:121.2,122.24 2 1
github.com/mantzas/patron/sync/http/handler.go:125.2,125.10 1 1
github.com/mantzas/patron/sync/http/handler.go:118.19,120.3 1 3
github.com/mantzas/patron/sync/http/handler.go:122.24,124.3 1 1
github.com/mantzas/patron/sync/http/health.go:22.50,24.52 1 8
github.com/mantzas/patron/sync/http/health.go:36.2,36.50 1 8
github.com/mantzas/patron/sync/http/health.go:24.52,25.16 1 4
github.com/mantzas/patron/sync/http/health.go:26.21,27.48 1 1
github.com/mantzas/patron/sync/http/health.go:28.16,29.32 1 1
github.com/mantzas/patron/sync/http/health.go:30.18,31.49 1 1
github.com/mantzas/patron/sync/http/health.go:32.11,33.32 1 1
github.com/mantzas/patron/sync/http/metric.go:9.26,11.2 1 5
github.com/mantzas/patron/sync/http/middleware.go:16.63,18.2 1 5
github.com/mantzas/patron/sync/http/middleware.go:21.39,23.2 1 4
github.com/mantzas/patron/sync/http/middleware.go:26.47,28.2 1 7
github.com/mantzas/patron/sync/http/middleware.go:31.55,34.16 2 4
github.com/mantzas/patron/sync/http/middleware.go:38.2,38.28 1 4
github.com/mantzas/patron/sync/http/middleware.go:43.2,43.19 1 4
github.com/mantzas/patron/sync/http/middleware.go:34.16,36.3 1 0
github.com/mantzas/patron/sync/http/middleware.go:38.28,41.3 2 1
github.com/mantzas/patron/sync/http/middleware.go:47.48,51.2 3 5
github.com/mantzas/patron/sync/http/middleware.go:54.77,56.2 1 6
github.com/mantzas/patron/sync/http/middleware.go:59.77,60.54 1 6
github.com/mantzas/patron/sync/http/middleware.go:60.54,65.3 4 4
github.com/mantzas/patron/sync/http/middleware.go:69.65,70.54 1 30
github.com/mantzas/patron/sync/http/middleware.go:70.54,71.16 1 4
github.com/mantzas/patron/sync/http/middleware.go:87.3,87.13 1 4
github.com/mantzas/patron/sync/http/middleware.go:71.16,72.32 1 4
github.com/mantzas/patron/sync/http/middleware.go:72.32,74.26 2 3
github.com/mantzas/patron/sync/http/middleware.go:82.5,84.99 2 3
github.com/mantzas/patron/sync/http/middleware.go:75.17,76.25 1 1
github.com/mantzas/patron/sync/http/middleware.go:77.16,78.13 1 1
github.com/mantzas/patron/sync/http/middleware.go:79.13,80.39 1 1
github.com/mantzas/patron/sync/http/option.go:11.32,12.34 1 3
github.com/mantzas/patron/sync/http/option.go:12.34,13.32 1 3
github.com/mantzas/patron/sync/http/option.go:16.3,17.13 2 2
github.com/mantzas/patron/sync/http/option.go:13.32,15.4 1 1
github.com/mantzas/patron/sync/http/option.go:22.36,23.34 1 4
github.com/mantzas/patron/sync/http/option.go:23.34,24.19 1 4
github.com/mantzas/patron/sync/http/option.go:27.3,28.13 2 3
github.com/mantzas/patron/sync/http/option.go:24.19,26.4 1 1
github.com/mantzas/patron/sync/http/option.go:33.50,34.34 1 2
github.com/mantzas/patron/sync/http/option.go:34.34,35.17 1 2
github.com/mantzas/patron/sync/http/option.go:38.3,39.13 2 1
github.com/mantzas/patron/sync/http/option.go:35.17,37.4 1 1
github.com/mantzas/patron/sync/http/option.go:44.50,45.34 1 4
github.com/mantzas/patron/sync/http/option.go:45.34,46.21 1 4
github.com/mantzas/patron/sync/http/option.go:49.3,49.20 1 3
github.com/mantzas/patron/sync/http/option.go:52.3,54.13 3 2
github.com/mantzas/patron/sync/http/option.go:46.21,48.4 1 1
github.com/mantzas/patron/sync/http/option.go:49.20,51.4 1 1
